<testsuites id="" name="" tests="63" failures="17" skipped="0" errors="0" time="57.696636000000005">
<testsuite name="deck-building-tutor.spec.ts" timestamp="2025-08-01T14:15:09.860Z" hostname="chromium" tests="9" failures="1" skipped="0" time="49.822" errors="0">
<testcase name="AI Deck Building Tutor E2E › complete deck building workflow - with known commander" classname="deck-building-tutor.spec.ts" time="5.568">
<failure message="deck-building-tutor.spec.ts:9:7 complete deck building workflow - with known commander" type="FAILURE">
<![CDATA[  [chromium] › deck-building-tutor.spec.ts:9:7 › AI Deck Building Tutor E2E › complete deck building workflow - with known commander 

    Error: expect.toBeVisible: Error: strict mode violation: getByText(/generating your complete 100-card commander deck/i).or(getByText('Building your complete deck...')).or(locator('.animate-spin')) resolved to 4 elements:
        1) <p class="whitespace-pre-wrap text-zinc-100">🎯 Perfect! I'm now generating your complete 100-c…</p> aka getByText('🎯 Perfect! I\'m now').first()
        2) <p class="whitespace-pre-wrap text-zinc-100">🎯 Perfect! I'm now generating your complete 100-c…</p> aka getByText('🎯 Perfect! I\'m now').nth(1)
        3) <svg width="24" height="24" fill="none" stroke-width="2" viewBox="0 0 24 24" stroke="currentColor" stroke-linecap="round" stroke-linejoin="round" xmlns="http://www.w3.org/2000/svg" class="lucide lucide-loader2 h-5 w-5 animate-spin text-zinc-300">…</svg> aka locator('.lucide.lucide-loader2')
        4) <span class="text-zinc-300">Building your complete deck...</span> aka getByText('Building your complete deck...')

    Call log:
      - Expect "toBeVisible" with timeout 10000ms
      - waiting for getByText(/generating your complete 100-card commander deck/i).or(getByText('Building your complete deck...')).or(locator('.animate-spin'))


      36 |         .or(page.getByText('Building your complete deck...'))
      37 |         .or(page.locator('.animate-spin'))
    > 38 |     ).toBeVisible({ timeout: 10000 })
         |       ^
      39 |   })
      40 |
      41 |   test('complete deck building workflow - need commander suggestions', async ({ page }) => {
        at /Users/jared.wolf/Projects/personal/moxmuse/apps/web/e2e/deck-building-tutor.spec.ts:38:7

    attachment #1: screenshot (image/png) ──────────────────────────────────────────────────────────
    ../test-results/deck-building-tutor-AI-Dec-971f0-flow---with-known-commander-chromium/test-failed-1.png
    ────────────────────────────────────────────────────────────────────────────────────────────────

    attachment #2: video (video/webm) ──────────────────────────────────────────────────────────────
    ../test-results/deck-building-tutor-AI-Dec-971f0-flow---with-known-commander-chromium/video.webm
    ────────────────────────────────────────────────────────────────────────────────────────────────

    Error Context: ../test-results/deck-building-tutor-AI-Dec-971f0-flow---with-known-commander-chromium/error-context.md
]]>
</failure>
<system-out>
<![CDATA[
[[ATTACHMENT|deck-building-tutor-AI-Dec-971f0-flow---with-known-commander-chromium/test-failed-1.png]]

[[ATTACHMENT|deck-building-tutor-AI-Dec-971f0-flow---with-known-commander-chromium/video.webm]]

[[ATTACHMENT|deck-building-tutor-AI-Dec-971f0-flow---with-known-commander-chromium/error-context.md]]
]]>
</system-out>
</testcase>
<testcase name="AI Deck Building Tutor E2E › complete deck building workflow - need commander suggestions" classname="deck-building-tutor.spec.ts" time="5.956">
</testcase>
<testcase name="AI Deck Building Tutor E2E › card recommendations workflow" classname="deck-building-tutor.spec.ts" time="5.587">
</testcase>
<testcase name="AI Deck Building Tutor E2E › wizard navigation through consultation flow" classname="deck-building-tutor.spec.ts" time="8.048">
</testcase>
<testcase name="AI Deck Building Tutor E2E › existing deck selection" classname="deck-building-tutor.spec.ts" time="4.495">
</testcase>
<testcase name="AI Deck Building Tutor E2E › mobile responsiveness" classname="deck-building-tutor.spec.ts" time="5.953">
</testcase>
<testcase name="AI Deck Building Tutor E2E › error handling - network failure" classname="deck-building-tutor.spec.ts" time="6.249">
</testcase>
<testcase name="AI Deck Building Tutor E2E › accessibility compliance" classname="deck-building-tutor.spec.ts" time="4.733">
</testcase>
<testcase name="AI Deck Building Tutor E2E › performance benchmarks" classname="deck-building-tutor.spec.ts" time="3.233">
</testcase>
</testsuite>
<testsuite name="deck-building-tutor.spec.ts" timestamp="2025-08-01T14:15:09.860Z" hostname="firefox" tests="9" failures="1" skipped="0" time="55.934" errors="0">
<testcase name="AI Deck Building Tutor E2E › complete deck building workflow - with known commander" classname="deck-building-tutor.spec.ts" time="7.149">
<failure message="deck-building-tutor.spec.ts:9:7 complete deck building workflow - with known commander" type="FAILURE">
<![CDATA[  [firefox] › deck-building-tutor.spec.ts:9:7 › AI Deck Building Tutor E2E › complete deck building workflow - with known commander 

    Error: expect.toBeVisible: Error: strict mode violation: getByText(/generating your complete 100-card commander deck/i).or(getByText('Building your complete deck...')).or(locator('.animate-spin')) resolved to 4 elements:
        1) <p class="whitespace-pre-wrap text-zinc-100">🎯 Perfect! I'm now generating your complete 100-c…</p> aka getByText('🎯 Perfect! I\'m now').first()
        2) <p class="whitespace-pre-wrap text-zinc-100">🎯 Perfect! I'm now generating your complete 100-c…</p> aka getByText('🎯 Perfect! I\'m now').nth(1)
        3) <svg width="24" height="24" fill="none" stroke-width="2" viewBox="0 0 24 24" stroke="currentColor" stroke-linecap="round" stroke-linejoin="round" xmlns="http://www.w3.org/2000/svg" class="lucide lucide-loader2 h-5 w-5 animate-spin text-zinc-300">…</svg> aka locator('.lucide.lucide-loader2')
        4) <span class="text-zinc-300">Building your complete deck...</span> aka getByText('Building your complete deck...')

    Call log:
      - Expect "toBeVisible" with timeout 10000ms
      - waiting for getByText(/generating your complete 100-card commander deck/i).or(getByText('Building your complete deck...')).or(locator('.animate-spin'))


      36 |         .or(page.getByText('Building your complete deck...'))
      37 |         .or(page.locator('.animate-spin'))
    > 38 |     ).toBeVisible({ timeout: 10000 })
         |       ^
      39 |   })
      40 |
      41 |   test('complete deck building workflow - need commander suggestions', async ({ page }) => {
        at /Users/jared.wolf/Projects/personal/moxmuse/apps/web/e2e/deck-building-tutor.spec.ts:38:7

    attachment #1: screenshot (image/png) ──────────────────────────────────────────────────────────
    ../test-results/deck-building-tutor-AI-Dec-971f0-flow---with-known-commander-firefox/test-failed-1.png
    ────────────────────────────────────────────────────────────────────────────────────────────────

    attachment #2: video (video/webm) ──────────────────────────────────────────────────────────────
    ../test-results/deck-building-tutor-AI-Dec-971f0-flow---with-known-commander-firefox/video.webm
    ────────────────────────────────────────────────────────────────────────────────────────────────

    Error Context: ../test-results/deck-building-tutor-AI-Dec-971f0-flow---with-known-commander-firefox/error-context.md
]]>
</failure>
<system-out>
<![CDATA[
[[ATTACHMENT|deck-building-tutor-AI-Dec-971f0-flow---with-known-commander-firefox/test-failed-1.png]]

[[ATTACHMENT|deck-building-tutor-AI-Dec-971f0-flow---with-known-commander-firefox/video.webm]]

[[ATTACHMENT|deck-building-tutor-AI-Dec-971f0-flow---with-known-commander-firefox/error-context.md]]
]]>
</system-out>
</testcase>
<testcase name="AI Deck Building Tutor E2E › complete deck building workflow - need commander suggestions" classname="deck-building-tutor.spec.ts" time="5.686">
</testcase>
<testcase name="AI Deck Building Tutor E2E › card recommendations workflow" classname="deck-building-tutor.spec.ts" time="5.635">
</testcase>
<testcase name="AI Deck Building Tutor E2E › wizard navigation through consultation flow" classname="deck-building-tutor.spec.ts" time="6.718">
</testcase>
<testcase name="AI Deck Building Tutor E2E › existing deck selection" classname="deck-building-tutor.spec.ts" time="6.09">
</testcase>
<testcase name="AI Deck Building Tutor E2E › mobile responsiveness" classname="deck-building-tutor.spec.ts" time="6.322">
</testcase>
<testcase name="AI Deck Building Tutor E2E › error handling - network failure" classname="deck-building-tutor.spec.ts" time="7.175">
</testcase>
<testcase name="AI Deck Building Tutor E2E › accessibility compliance" classname="deck-building-tutor.spec.ts" time="5.422">
</testcase>
<testcase name="AI Deck Building Tutor E2E › performance benchmarks" classname="deck-building-tutor.spec.ts" time="5.737">
</testcase>
</testsuite>
<testsuite name="deck-building-tutor.spec.ts" timestamp="2025-08-01T14:15:09.860Z" hostname="webkit" tests="9" failures="2" skipped="0" time="20.823" errors="0">
<testcase name="AI Deck Building Tutor E2E › complete deck building workflow - with known commander" classname="deck-building-tutor.spec.ts" time="2.71">
<failure message="deck-building-tutor.spec.ts:9:7 complete deck building workflow - with known commander" type="FAILURE">
<![CDATA[  [webkit] › deck-building-tutor.spec.ts:9:7 › AI Deck Building Tutor E2E › complete deck building workflow - with known commander 

    Error: expect.toBeVisible: Error: strict mode violation: getByText(/generating your complete 100-card commander deck/i).or(getByText('Building your complete deck...')).or(locator('.animate-spin')) resolved to 4 elements:
        1) <p class="whitespace-pre-wrap text-zinc-100">🎯 Perfect! I'm now generating your complete 100-c…</p> aka getByText('🎯 Perfect! I\'m now').first()
        2) <p class="whitespace-pre-wrap text-zinc-100">🎯 Perfect! I'm now generating your complete 100-c…</p> aka getByText('🎯 Perfect! I\'m now').nth(1)
        3) <svg width="24" height="24" fill="none" stroke-width="2" viewBox="0 0 24 24" stroke="currentColor" stroke-linecap="round" stroke-linejoin="round" xmlns="http://www.w3.org/2000/svg" class="lucide lucide-loader2 h-5 w-5 animate-spin text-zinc-300">…</svg> aka locator('.lucide.lucide-loader2')
        4) <span class="text-zinc-300">Building your complete deck...</span> aka getByText('Building your complete deck...')

    Call log:
      - Expect "toBeVisible" with timeout 10000ms
      - waiting for getByText(/generating your complete 100-card commander deck/i).or(getByText('Building your complete deck...')).or(locator('.animate-spin'))


      36 |         .or(page.getByText('Building your complete deck...'))
      37 |         .or(page.locator('.animate-spin'))
    > 38 |     ).toBeVisible({ timeout: 10000 })
         |       ^
      39 |   })
      40 |
      41 |   test('complete deck building workflow - need commander suggestions', async ({ page }) => {
        at /Users/jared.wolf/Projects/personal/moxmuse/apps/web/e2e/deck-building-tutor.spec.ts:38:7

    attachment #1: screenshot (image/png) ──────────────────────────────────────────────────────────
    ../test-results/deck-building-tutor-AI-Dec-971f0-flow---with-known-commander-webkit/test-failed-1.png
    ────────────────────────────────────────────────────────────────────────────────────────────────

    attachment #2: video (video/webm) ──────────────────────────────────────────────────────────────
    ../test-results/deck-building-tutor-AI-Dec-971f0-flow---with-known-commander-webkit/video.webm
    ────────────────────────────────────────────────────────────────────────────────────────────────

    Error Context: ../test-results/deck-building-tutor-AI-Dec-971f0-flow---with-known-commander-webkit/error-context.md
]]>
</failure>
<system-out>
<![CDATA[
[[ATTACHMENT|deck-building-tutor-AI-Dec-971f0-flow---with-known-commander-webkit/test-failed-1.png]]

[[ATTACHMENT|deck-building-tutor-AI-Dec-971f0-flow---with-known-commander-webkit/video.webm]]

[[ATTACHMENT|deck-building-tutor-AI-Dec-971f0-flow---with-known-commander-webkit/error-context.md]]
]]>
</system-out>
</testcase>
<testcase name="AI Deck Building Tutor E2E › complete deck building workflow - need commander suggestions" classname="deck-building-tutor.spec.ts" time="2.06">
</testcase>
<testcase name="AI Deck Building Tutor E2E › card recommendations workflow" classname="deck-building-tutor.spec.ts" time="2.279">
</testcase>
<testcase name="AI Deck Building Tutor E2E › wizard navigation through consultation flow" classname="deck-building-tutor.spec.ts" time="2.912">
</testcase>
<testcase name="AI Deck Building Tutor E2E › existing deck selection" classname="deck-building-tutor.spec.ts" time="1.325">
</testcase>
<testcase name="AI Deck Building Tutor E2E › mobile responsiveness" classname="deck-building-tutor.spec.ts" time="1.775">
</testcase>
<testcase name="AI Deck Building Tutor E2E › error handling - network failure" classname="deck-building-tutor.spec.ts" time="1.923">
<failure message="deck-building-tutor.spec.ts:151:7 error handling - network failure" type="FAILURE">
<![CDATA[  [webkit] › deck-building-tutor.spec.ts:151:7 › AI Deck Building Tutor E2E › error handling - network failure 

    Error: expect.toBeVisible: Error: strict mode violation: getByText(/error|failed|unable|problem|try again/i).or(locator('[role="alert"]')).or(locator('.text-red-')) resolved to 5 elements:
        1) <div role="alert" aria-live="assertive" id="__next-route-announcer__"></div> aka locator('[id="__next-route-announcer__"]')
        2) <p class="text-sm font-medium text-zinc-100">Deck Creation Failed</p> aka getByText('Deck Creation Failed').first()
        3) <p class="text-xs text-zinc-400 mt-1">Unable to create a new deck. Please try again.</p> aka getByText('Unable to create a new deck. Please try again.')
        4) <p class="text-sm font-medium text-zinc-100">Deck Creation Failed</p> aka getByText('Deck Creation Failed').nth(1)
        5) <p class="text-xs text-zinc-400 mt-1">Unable to create a new deck. Please try again or …</p> aka getByText('Unable to create a new deck. Please try again or check your connection.')

    Call log:
      - Expect "toBeVisible" with timeout 15000ms
      - waiting for getByText(/error|failed|unable|problem|try again/i).or(locator('[role="alert"]')).or(locator('.text-red-'))


      173 |         .or(page.locator('[role="alert"]'))
      174 |         .or(page.locator('.text-red-'))
    > 175 |     ).toBeVisible({ timeout: 15000 })
          |       ^
      176 |   })
      177 |
      178 |   test('accessibility compliance', async ({ page }) => {
        at /Users/jared.wolf/Projects/personal/moxmuse/apps/web/e2e/deck-building-tutor.spec.ts:175:7

    attachment #1: screenshot (image/png) ──────────────────────────────────────────────────────────
    ../test-results/deck-building-tutor-AI-Dec-b2bea--handling---network-failure-webkit/test-failed-1.png
    ────────────────────────────────────────────────────────────────────────────────────────────────

    attachment #2: video (video/webm) ──────────────────────────────────────────────────────────────
    ../test-results/deck-building-tutor-AI-Dec-b2bea--handling---network-failure-webkit/video.webm
    ────────────────────────────────────────────────────────────────────────────────────────────────

    Error Context: ../test-results/deck-building-tutor-AI-Dec-b2bea--handling---network-failure-webkit/error-context.md
]]>
</failure>
<system-out>
<![CDATA[
[[ATTACHMENT|deck-building-tutor-AI-Dec-b2bea--handling---network-failure-webkit/test-failed-1.png]]

[[ATTACHMENT|deck-building-tutor-AI-Dec-b2bea--handling---network-failure-webkit/video.webm]]

[[ATTACHMENT|deck-building-tutor-AI-Dec-b2bea--handling---network-failure-webkit/error-context.md]]
]]>
</system-out>
</testcase>
<testcase name="AI Deck Building Tutor E2E › accessibility compliance" classname="deck-building-tutor.spec.ts" time="3.043">
</testcase>
<testcase name="AI Deck Building Tutor E2E › performance benchmarks" classname="deck-building-tutor.spec.ts" time="2.796">
</testcase>
</testsuite>
<testsuite name="deck-building-tutor.spec.ts" timestamp="2025-08-01T14:15:09.860Z" hostname="Mobile Chrome" tests="9" failures="1" skipped="0" time="30.467" errors="0">
<testcase name="AI Deck Building Tutor E2E › complete deck building workflow - with known commander" classname="deck-building-tutor.spec.ts" time="12.34">
<failure message="deck-building-tutor.spec.ts:9:7 complete deck building workflow - with known commander" type="FAILURE">
<![CDATA[  [Mobile Chrome] › deck-building-tutor.spec.ts:9:7 › AI Deck Building Tutor E2E › complete deck building workflow - with known commander 

    Error: Timed out 10000ms waiting for expect(locator).toBeVisible()

    Locator: getByText(/generating your complete 100-card commander deck/i).or(getByText('Building your complete deck...')).or(locator('.animate-spin'))
    Expected: visible
    Received: <element(s) not found>
    Call log:
      - Expect "toBeVisible" with timeout 10000ms
      - waiting for getByText(/generating your complete 100-card commander deck/i).or(getByText('Building your complete deck...')).or(locator('.animate-spin'))


      36 |         .or(page.getByText('Building your complete deck...'))
      37 |         .or(page.locator('.animate-spin'))
    > 38 |     ).toBeVisible({ timeout: 10000 })
         |       ^
      39 |   })
      40 |
      41 |   test('complete deck building workflow - need commander suggestions', async ({ page }) => {
        at /Users/jared.wolf/Projects/personal/moxmuse/apps/web/e2e/deck-building-tutor.spec.ts:38:7

    attachment #1: screenshot (image/png) ──────────────────────────────────────────────────────────
    ../test-results/deck-building-tutor-AI-Dec-971f0-flow---with-known-commander-Mobile-Chrome/test-failed-1.png
    ────────────────────────────────────────────────────────────────────────────────────────────────

    attachment #2: video (video/webm) ──────────────────────────────────────────────────────────────
    ../test-results/deck-building-tutor-AI-Dec-971f0-flow---with-known-commander-Mobile-Chrome/video.webm
    ────────────────────────────────────────────────────────────────────────────────────────────────

    Error Context: ../test-results/deck-building-tutor-AI-Dec-971f0-flow---with-known-commander-Mobile-Chrome/error-context.md
]]>
</failure>
<system-out>
<![CDATA[
[[ATTACHMENT|deck-building-tutor-AI-Dec-971f0-flow---with-known-commander-Mobile-Chrome/test-failed-1.png]]

[[ATTACHMENT|deck-building-tutor-AI-Dec-971f0-flow---with-known-commander-Mobile-Chrome/video.webm]]

[[ATTACHMENT|deck-building-tutor-AI-Dec-971f0-flow---with-known-commander-Mobile-Chrome/error-context.md]]
]]>
</system-out>
</testcase>
<testcase name="AI Deck Building Tutor E2E › complete deck building workflow - need commander suggestions" classname="deck-building-tutor.spec.ts" time="2.446">
</testcase>
<testcase name="AI Deck Building Tutor E2E › card recommendations workflow" classname="deck-building-tutor.spec.ts" time="2.078">
</testcase>
<testcase name="AI Deck Building Tutor E2E › wizard navigation through consultation flow" classname="deck-building-tutor.spec.ts" time="2.564">
</testcase>
<testcase name="AI Deck Building Tutor E2E › existing deck selection" classname="deck-building-tutor.spec.ts" time="2.093">
</testcase>
<testcase name="AI Deck Building Tutor E2E › mobile responsiveness" classname="deck-building-tutor.spec.ts" time="2.027">
</testcase>
<testcase name="AI Deck Building Tutor E2E › error handling - network failure" classname="deck-building-tutor.spec.ts" time="1.788">
</testcase>
<testcase name="AI Deck Building Tutor E2E › accessibility compliance" classname="deck-building-tutor.spec.ts" time="2.807">
</testcase>
<testcase name="AI Deck Building Tutor E2E › performance benchmarks" classname="deck-building-tutor.spec.ts" time="2.324">
</testcase>
</testsuite>
<testsuite name="deck-building-tutor.spec.ts" timestamp="2025-08-01T14:15:09.860Z" hostname="Mobile Safari" tests="9" failures="2" skipped="0" time="14.465" errors="0">
<testcase name="AI Deck Building Tutor E2E › complete deck building workflow - with known commander" classname="deck-building-tutor.spec.ts" time="1.554">
<failure message="deck-building-tutor.spec.ts:9:7 complete deck building workflow - with known commander" type="FAILURE">
<![CDATA[  [Mobile Safari] › deck-building-tutor.spec.ts:9:7 › AI Deck Building Tutor E2E › complete deck building workflow - with known commander 

    Error: expect.toBeVisible: Error: strict mode violation: getByText(/generating your complete 100-card commander deck/i).or(getByText('Building your complete deck...')).or(locator('.animate-spin')) resolved to 4 elements:
        1) <p class="whitespace-pre-wrap text-zinc-100">🎯 Perfect! I'm now generating your complete 100-c…</p> aka getByText('🎯 Perfect! I\'m now').first()
        2) <p class="whitespace-pre-wrap text-zinc-100">🎯 Perfect! I'm now generating your complete 100-c…</p> aka getByText('🎯 Perfect! I\'m now').nth(1)
        3) <svg width="24" height="24" fill="none" stroke-width="2" viewBox="0 0 24 24" stroke="currentColor" stroke-linecap="round" stroke-linejoin="round" xmlns="http://www.w3.org/2000/svg" class="lucide lucide-loader2 h-5 w-5 animate-spin text-zinc-300">…</svg> aka locator('.lucide.lucide-loader2')
        4) <span class="text-zinc-300">Building your complete deck...</span> aka getByText('Building your complete deck...')

    Call log:
      - Expect "toBeVisible" with timeout 10000ms
      - waiting for getByText(/generating your complete 100-card commander deck/i).or(getByText('Building your complete deck...')).or(locator('.animate-spin'))


      36 |         .or(page.getByText('Building your complete deck...'))
      37 |         .or(page.locator('.animate-spin'))
    > 38 |     ).toBeVisible({ timeout: 10000 })
         |       ^
      39 |   })
      40 |
      41 |   test('complete deck building workflow - need commander suggestions', async ({ page }) => {
        at /Users/jared.wolf/Projects/personal/moxmuse/apps/web/e2e/deck-building-tutor.spec.ts:38:7

    attachment #1: screenshot (image/png) ──────────────────────────────────────────────────────────
    ../test-results/deck-building-tutor-AI-Dec-971f0-flow---with-known-commander-Mobile-Safari/test-failed-1.png
    ────────────────────────────────────────────────────────────────────────────────────────────────

    attachment #2: video (video/webm) ──────────────────────────────────────────────────────────────
    ../test-results/deck-building-tutor-AI-Dec-971f0-flow---with-known-commander-Mobile-Safari/video.webm
    ────────────────────────────────────────────────────────────────────────────────────────────────

    Error Context: ../test-results/deck-building-tutor-AI-Dec-971f0-flow---with-known-commander-Mobile-Safari/error-context.md
]]>
</failure>
<system-out>
<![CDATA[
[[ATTACHMENT|deck-building-tutor-AI-Dec-971f0-flow---with-known-commander-Mobile-Safari/test-failed-1.png]]

[[ATTACHMENT|deck-building-tutor-AI-Dec-971f0-flow---with-known-commander-Mobile-Safari/video.webm]]

[[ATTACHMENT|deck-building-tutor-AI-Dec-971f0-flow---with-known-commander-Mobile-Safari/error-context.md]]
]]>
</system-out>
</testcase>
<testcase name="AI Deck Building Tutor E2E › complete deck building workflow - need commander suggestions" classname="deck-building-tutor.spec.ts" time="1.318">
</testcase>
<testcase name="AI Deck Building Tutor E2E › card recommendations workflow" classname="deck-building-tutor.spec.ts" time="1.247">
</testcase>
<testcase name="AI Deck Building Tutor E2E › wizard navigation through consultation flow" classname="deck-building-tutor.spec.ts" time="1.779">
</testcase>
<testcase name="AI Deck Building Tutor E2E › existing deck selection" classname="deck-building-tutor.spec.ts" time="1.288">
</testcase>
<testcase name="AI Deck Building Tutor E2E › mobile responsiveness" classname="deck-building-tutor.spec.ts" time="1.719">
</testcase>
<testcase name="AI Deck Building Tutor E2E › error handling - network failure" classname="deck-building-tutor.spec.ts" time="1.298">
<failure message="deck-building-tutor.spec.ts:151:7 error handling - network failure" type="FAILURE">
<![CDATA[  [Mobile Safari] › deck-building-tutor.spec.ts:151:7 › AI Deck Building Tutor E2E › error handling - network failure 

    Error: expect.toBeVisible: Error: strict mode violation: getByText(/error|failed|unable|problem|try again/i).or(locator('[role="alert"]')).or(locator('.text-red-')) resolved to 5 elements:
        1) <div role="alert" aria-live="assertive" id="__next-route-announcer__"></div> aka locator('[id="__next-route-announcer__"]')
        2) <p class="text-sm font-medium text-zinc-100">Deck Creation Failed</p> aka getByText('Deck Creation Failed').first()
        3) <p class="text-xs text-zinc-400 mt-1">Unable to create a new deck. Please try again.</p> aka getByText('Unable to create a new deck. Please try again.')
        4) <p class="text-sm font-medium text-zinc-100">Deck Creation Failed</p> aka getByText('Deck Creation Failed').nth(1)
        5) <p class="text-xs text-zinc-400 mt-1">Unable to create a new deck. Please try again or …</p> aka getByText('Unable to create a new deck. Please try again or check your connection.')

    Call log:
      - Expect "toBeVisible" with timeout 15000ms
      - waiting for getByText(/error|failed|unable|problem|try again/i).or(locator('[role="alert"]')).or(locator('.text-red-'))


      173 |         .or(page.locator('[role="alert"]'))
      174 |         .or(page.locator('.text-red-'))
    > 175 |     ).toBeVisible({ timeout: 15000 })
          |       ^
      176 |   })
      177 |
      178 |   test('accessibility compliance', async ({ page }) => {
        at /Users/jared.wolf/Projects/personal/moxmuse/apps/web/e2e/deck-building-tutor.spec.ts:175:7

    attachment #1: screenshot (image/png) ──────────────────────────────────────────────────────────
    ../test-results/deck-building-tutor-AI-Dec-b2bea--handling---network-failure-Mobile-Safari/test-failed-1.png
    ────────────────────────────────────────────────────────────────────────────────────────────────

    attachment #2: video (video/webm) ──────────────────────────────────────────────────────────────
    ../test-results/deck-building-tutor-AI-Dec-b2bea--handling---network-failure-Mobile-Safari/video.webm
    ────────────────────────────────────────────────────────────────────────────────────────────────

    Error Context: ../test-results/deck-building-tutor-AI-Dec-b2bea--handling---network-failure-Mobile-Safari/error-context.md
]]>
</failure>
<system-out>
<![CDATA[
[[ATTACHMENT|deck-building-tutor-AI-Dec-b2bea--handling---network-failure-Mobile-Safari/test-failed-1.png]]

[[ATTACHMENT|deck-building-tutor-AI-Dec-b2bea--handling---network-failure-Mobile-Safari/video.webm]]

[[ATTACHMENT|deck-building-tutor-AI-Dec-b2bea--handling---network-failure-Mobile-Safari/error-context.md]]
]]>
</system-out>
</testcase>
<testcase name="AI Deck Building Tutor E2E › accessibility compliance" classname="deck-building-tutor.spec.ts" time="2.651">
</testcase>
<testcase name="AI Deck Building Tutor E2E › performance benchmarks" classname="deck-building-tutor.spec.ts" time="1.611">
</testcase>
</testsuite>
<testsuite name="deck-building-tutor.spec.ts" timestamp="2025-08-01T14:15:09.860Z" hostname="Microsoft Edge" tests="9" failures="9" skipped="0" time="0.008" errors="0">
<testcase name="AI Deck Building Tutor E2E › complete deck building workflow - with known commander" classname="deck-building-tutor.spec.ts" time="0.001">
<failure message="deck-building-tutor.spec.ts:9:7 complete deck building workflow - with known commander" type="FAILURE">
<![CDATA[  [Microsoft Edge] › deck-building-tutor.spec.ts:9:7 › AI Deck Building Tutor E2E › complete deck building workflow - with known commander 

    Error: browserType.launch: Chromium distribution 'msedge' is not found at /Applications/Microsoft Edge.app/Contents/MacOS/Microsoft Edge
    Run "npx playwright install msedge"
]]>
</failure>
</testcase>
<testcase name="AI Deck Building Tutor E2E › complete deck building workflow - need commander suggestions" classname="deck-building-tutor.spec.ts" time="0.001">
<failure message="deck-building-tutor.spec.ts:41:7 complete deck building workflow - need commander suggestions" type="FAILURE">
<![CDATA[  [Microsoft Edge] › deck-building-tutor.spec.ts:41:7 › AI Deck Building Tutor E2E › complete deck building workflow - need commander suggestions 

    Error: browserType.launch: Chromium distribution 'msedge' is not found at /Applications/Microsoft Edge.app/Contents/MacOS/Microsoft Edge
    Run "npx playwright install msedge"
]]>
</failure>
</testcase>
<testcase name="AI Deck Building Tutor E2E › card recommendations workflow" classname="deck-building-tutor.spec.ts" time="0.001">
<failure message="deck-building-tutor.spec.ts:58:7 card recommendations workflow" type="FAILURE">
<![CDATA[  [Microsoft Edge] › deck-building-tutor.spec.ts:58:7 › AI Deck Building Tutor E2E › card recommendations workflow 

    Error: browserType.launch: Chromium distribution 'msedge' is not found at /Applications/Microsoft Edge.app/Contents/MacOS/Microsoft Edge
    Run "npx playwright install msedge"
]]>
</failure>
</testcase>
<testcase name="AI Deck Building Tutor E2E › wizard navigation through consultation flow" classname="deck-building-tutor.spec.ts" time="0.001">
<failure message="deck-building-tutor.spec.ts:81:7 wizard navigation through consultation flow" type="FAILURE">
<![CDATA[  [Microsoft Edge] › deck-building-tutor.spec.ts:81:7 › AI Deck Building Tutor E2E › wizard navigation through consultation flow 

    Error: browserType.launch: Chromium distribution 'msedge' is not found at /Applications/Microsoft Edge.app/Contents/MacOS/Microsoft Edge
    Run "npx playwright install msedge"
]]>
</failure>
</testcase>
<testcase name="AI Deck Building Tutor E2E › existing deck selection" classname="deck-building-tutor.spec.ts" time="0.001">
<failure message="deck-building-tutor.spec.ts:112:7 existing deck selection" type="FAILURE">
<![CDATA[  [Microsoft Edge] › deck-building-tutor.spec.ts:112:7 › AI Deck Building Tutor E2E › existing deck selection 

    Error: browserType.launch: Chromium distribution 'msedge' is not found at /Applications/Microsoft Edge.app/Contents/MacOS/Microsoft Edge
    Run "npx playwright install msedge"
]]>
</failure>
</testcase>
<testcase name="AI Deck Building Tutor E2E › mobile responsiveness" classname="deck-building-tutor.spec.ts" time="0.001">
<failure message="deck-building-tutor.spec.ts:127:7 mobile responsiveness" type="FAILURE">
<![CDATA[  [Microsoft Edge] › deck-building-tutor.spec.ts:127:7 › AI Deck Building Tutor E2E › mobile responsiveness 

    Error: browserType.launch: Chromium distribution 'msedge' is not found at /Applications/Microsoft Edge.app/Contents/MacOS/Microsoft Edge
    Run "npx playwright install msedge"
]]>
</failure>
</testcase>
<testcase name="AI Deck Building Tutor E2E › error handling - network failure" classname="deck-building-tutor.spec.ts" time="0.001">
<failure message="deck-building-tutor.spec.ts:151:7 error handling - network failure" type="FAILURE">
<![CDATA[  [Microsoft Edge] › deck-building-tutor.spec.ts:151:7 › AI Deck Building Tutor E2E › error handling - network failure 

    Error: browserType.launch: Chromium distribution 'msedge' is not found at /Applications/Microsoft Edge.app/Contents/MacOS/Microsoft Edge
    Run "npx playwright install msedge"
]]>
</failure>
</testcase>
<testcase name="AI Deck Building Tutor E2E › accessibility compliance" classname="deck-building-tutor.spec.ts" time="0">
<failure message="deck-building-tutor.spec.ts:178:7 accessibility compliance" type="FAILURE">
<![CDATA[  [Microsoft Edge] › deck-building-tutor.spec.ts:178:7 › AI Deck Building Tutor E2E › accessibility compliance 

    Error: browserType.launch: Chromium distribution 'msedge' is not found at /Applications/Microsoft Edge.app/Contents/MacOS/Microsoft Edge
    Run "npx playwright install msedge"
]]>
</failure>
</testcase>
<testcase name="AI Deck Building Tutor E2E › performance benchmarks" classname="deck-building-tutor.spec.ts" time="0.001">
<failure message="deck-building-tutor.spec.ts:221:7 performance benchmarks" type="FAILURE">
<![CDATA[  [Microsoft Edge] › deck-building-tutor.spec.ts:221:7 › AI Deck Building Tutor E2E › performance benchmarks 

    Error: browserType.launch: Chromium distribution 'msedge' is not found at /Applications/Microsoft Edge.app/Contents/MacOS/Microsoft Edge
    Run "npx playwright install msedge"
]]>
</failure>
</testcase>
</testsuite>
<testsuite name="deck-building-tutor.spec.ts" timestamp="2025-08-01T14:15:09.860Z" hostname="Google Chrome" tests="9" failures="1" skipped="0" time="29.83" errors="0">
<testcase name="AI Deck Building Tutor E2E › complete deck building workflow - with known commander" classname="deck-building-tutor.spec.ts" time="12.425">
<failure message="deck-building-tutor.spec.ts:9:7 complete deck building workflow - with known commander" type="FAILURE">
<![CDATA[  [Google Chrome] › deck-building-tutor.spec.ts:9:7 › AI Deck Building Tutor E2E › complete deck building workflow - with known commander 

    Error: Timed out 10000ms waiting for expect(locator).toBeVisible()

    Locator: getByText(/generating your complete 100-card commander deck/i).or(getByText('Building your complete deck...')).or(locator('.animate-spin'))
    Expected: visible
    Received: <element(s) not found>
    Call log:
      - Expect "toBeVisible" with timeout 10000ms
      - waiting for getByText(/generating your complete 100-card commander deck/i).or(getByText('Building your complete deck...')).or(locator('.animate-spin'))


      36 |         .or(page.getByText('Building your complete deck...'))
      37 |         .or(page.locator('.animate-spin'))
    > 38 |     ).toBeVisible({ timeout: 10000 })
         |       ^
      39 |   })
      40 |
      41 |   test('complete deck building workflow - need commander suggestions', async ({ page }) => {
        at /Users/jared.wolf/Projects/personal/moxmuse/apps/web/e2e/deck-building-tutor.spec.ts:38:7

    attachment #1: screenshot (image/png) ──────────────────────────────────────────────────────────
    ../test-results/deck-building-tutor-AI-Dec-971f0-flow---with-known-commander-Google-Chrome/test-failed-1.png
    ────────────────────────────────────────────────────────────────────────────────────────────────

    attachment #2: video (video/webm) ──────────────────────────────────────────────────────────────
    ../test-results/deck-building-tutor-AI-Dec-971f0-flow---with-known-commander-Google-Chrome/video.webm
    ────────────────────────────────────────────────────────────────────────────────────────────────

    Error Context: ../test-results/deck-building-tutor-AI-Dec-971f0-flow---with-known-commander-Google-Chrome/error-context.md
]]>
</failure>
<system-out>
<![CDATA[
[[ATTACHMENT|deck-building-tutor-AI-Dec-971f0-flow---with-known-commander-Google-Chrome/test-failed-1.png]]

[[ATTACHMENT|deck-building-tutor-AI-Dec-971f0-flow---with-known-commander-Google-Chrome/video.webm]]

[[ATTACHMENT|deck-building-tutor-AI-Dec-971f0-flow---with-known-commander-Google-Chrome/error-context.md]]
]]>
</system-out>
</testcase>
<testcase name="AI Deck Building Tutor E2E › complete deck building workflow - need commander suggestions" classname="deck-building-tutor.spec.ts" time="2.43">
</testcase>
<testcase name="AI Deck Building Tutor E2E › card recommendations workflow" classname="deck-building-tutor.spec.ts" time="2.299">
</testcase>
<testcase name="AI Deck Building Tutor E2E › wizard navigation through consultation flow" classname="deck-building-tutor.spec.ts" time="2.554">
</testcase>
<testcase name="AI Deck Building Tutor E2E › existing deck selection" classname="deck-building-tutor.spec.ts" time="2.04">
</testcase>
<testcase name="AI Deck Building Tutor E2E › mobile responsiveness" classname="deck-building-tutor.spec.ts" time="2.618">
</testcase>
<testcase name="AI Deck Building Tutor E2E › error handling - network failure" classname="deck-building-tutor.spec.ts" time="1.564">
</testcase>
<testcase name="AI Deck Building Tutor E2E › accessibility compliance" classname="deck-building-tutor.spec.ts" time="2.328">
</testcase>
<testcase name="AI Deck Building Tutor E2E › performance benchmarks" classname="deck-building-tutor.spec.ts" time="1.572">
</testcase>
</testsuite>
</testsuites>