<testsuites id="" name="" tests="259" failures="193" skipped="12" errors="0" time="304.962762">
<testsuite name="comprehensive-system-test.spec.ts" timestamp="2025-08-05T19:57:53.054Z" hostname="chromium" tests="14" failures="6" skipped="2" time="108.167" errors="0">
<testcase name="MoxMuse Comprehensive System Test › 1. Homepage and Navigation" classname="comprehensive-system-test.spec.ts" time="1.802">
</testcase>
<testcase name="MoxMuse Comprehensive System Test › 2. Authentication Flow" classname="comprehensive-system-test.spec.ts" time="5.344">
<system-out>
<![CDATA[✅ Authentication is working - user is signed in

    ===================================
    MoxMuse System Test Summary
    ===================================
    
    Tests cover:
    ✓ Homepage and navigation
    ✓ Authentication flow
    ✓ Deck building tutor journey
    ✓ Card synergy features
    ✓ Format legality checking
    ✓ Import/export functionality
    ✓ Deck organization
    ✓ Deck templates
    ✓ User decks management
    ✓ Performance monitoring
    ✓ Error handling
    ✓ Basic accessibility
    
    Run with: npx playwright test e2e/comprehensive-system-test.spec.ts
    
    For headed mode: npx playwright test e2e/comprehensive-system-test.spec.ts --headed
    For debug mode: npx playwright test e2e/comprehensive-system-test.spec.ts --debug
  
]]>
</system-out>
</testcase>
<testcase name="MoxMuse Comprehensive System Test › 3. Deck Building Tutor Journey" classname="comprehensive-system-test.spec.ts" time="13.436">
<failure message="comprehensive-system-test.spec.ts:83:7 3. Deck Building Tutor Journey" type="FAILURE">
<![CDATA[  [chromium] › comprehensive-system-test.spec.ts:83:7 › MoxMuse Comprehensive System Test › 3. Deck Building Tutor Journey 

    TimeoutError: page.click: Timeout 10000ms exceeded.
    Call log:
      - waiting for locator('text=Build Complete Deck')


      89 |
      90 |     // Click on Build Complete Deck option
    > 91 |     await page.click('text=Build Complete Deck');
         |                ^
      92 |     
      93 |     // Should see deck building options
      94 |     await expect(page.locator('text=Let\'s Build Your Commander Deck')).toBeVisible();
        at /Users/jared.wolf/Projects/personal/moxmuse/apps/web/e2e/comprehensive-system-test.spec.ts:91:16

    attachment #1: screenshot (image/png) ──────────────────────────────────────────────────────────
    ../test-results/comprehensive-system-test--e182c-Deck-Building-Tutor-Journey-chromium/test-failed-1.png
    ────────────────────────────────────────────────────────────────────────────────────────────────

    attachment #2: video (video/webm) ──────────────────────────────────────────────────────────────
    ../test-results/comprehensive-system-test--e182c-Deck-Building-Tutor-Journey-chromium/video.webm
    ────────────────────────────────────────────────────────────────────────────────────────────────

    Error Context: ../test-results/comprehensive-system-test--e182c-Deck-Building-Tutor-Journey-chromium/error-context.md
]]>
</failure>
<system-out>
<![CDATA[
    ===================================
    MoxMuse System Test Summary
    ===================================
    
    Tests cover:
    ✓ Homepage and navigation
    ✓ Authentication flow
    ✓ Deck building tutor journey
    ✓ Card synergy features
    ✓ Format legality checking
    ✓ Import/export functionality
    ✓ Deck organization
    ✓ Deck templates
    ✓ User decks management
    ✓ Performance monitoring
    ✓ Error handling
    ✓ Basic accessibility
    
    Run with: npx playwright test e2e/comprehensive-system-test.spec.ts
    
    For headed mode: npx playwright test e2e/comprehensive-system-test.spec.ts --headed
    For debug mode: npx playwright test e2e/comprehensive-system-test.spec.ts --debug
  

[[ATTACHMENT|comprehensive-system-test--e182c-Deck-Building-Tutor-Journey-chromium/test-failed-1.png]]

[[ATTACHMENT|comprehensive-system-test--e182c-Deck-Building-Tutor-Journey-chromium/video.webm]]

[[ATTACHMENT|comprehensive-system-test--e182c-Deck-Building-Tutor-Journey-chromium/error-context.md]]
]]>
</system-out>
</testcase>
<testcase name="MoxMuse Comprehensive System Test › 4. Card Synergy Demo" classname="comprehensive-system-test.spec.ts" time="11.254">
<failure message="comprehensive-system-test.spec.ts:207:7 4. Card Synergy Demo" type="FAILURE">
<![CDATA[  [chromium] › comprehensive-system-test.spec.ts:207:7 › MoxMuse Comprehensive System Test › 4. Card Synergy Demo 

    Error: Timed out 10000ms waiting for expect(locator).toBeVisible()

    Locator: locator('h1:has-text("Card Synergy")')
    Expected: visible
    Received: <element(s) not found>
    Call log:
      - Expect "toBeVisible" with timeout 10000ms
      - waiting for locator('h1:has-text("Card Synergy")')


      207 |   test('4. Card Synergy Demo', async ({ page }) => {
      208 |     await page.goto(`${baseURL}/card-synergy-demo`);
    > 209 |     await expect(page.locator('h1:has-text("Card Synergy")')).toBeVisible();
          |                                                               ^
      210 |
      211 |     // Test synergy detection
      212 |     if (await page.locator('button:has-text("Detect Synergies")').isVisible()) {
        at /Users/jared.wolf/Projects/personal/moxmuse/apps/web/e2e/comprehensive-system-test.spec.ts:209:63

    attachment #1: screenshot (image/png) ──────────────────────────────────────────────────────────
    ../test-results/comprehensive-system-test--085a3-em-Test-4-Card-Synergy-Demo-chromium/test-failed-1.png
    ────────────────────────────────────────────────────────────────────────────────────────────────

    attachment #2: video (video/webm) ──────────────────────────────────────────────────────────────
    ../test-results/comprehensive-system-test--085a3-em-Test-4-Card-Synergy-Demo-chromium/video.webm
    ────────────────────────────────────────────────────────────────────────────────────────────────

    Error Context: ../test-results/comprehensive-system-test--085a3-em-Test-4-Card-Synergy-Demo-chromium/error-context.md
]]>
</failure>
<system-out>
<![CDATA[
    ===================================
    MoxMuse System Test Summary
    ===================================
    
    Tests cover:
    ✓ Homepage and navigation
    ✓ Authentication flow
    ✓ Deck building tutor journey
    ✓ Card synergy features
    ✓ Format legality checking
    ✓ Import/export functionality
    ✓ Deck organization
    ✓ Deck templates
    ✓ User decks management
    ✓ Performance monitoring
    ✓ Error handling
    ✓ Basic accessibility
    
    Run with: npx playwright test e2e/comprehensive-system-test.spec.ts
    
    For headed mode: npx playwright test e2e/comprehensive-system-test.spec.ts --headed
    For debug mode: npx playwright test e2e/comprehensive-system-test.spec.ts --debug
  

[[ATTACHMENT|comprehensive-system-test--085a3-em-Test-4-Card-Synergy-Demo-chromium/test-failed-1.png]]

[[ATTACHMENT|comprehensive-system-test--085a3-em-Test-4-Card-Synergy-Demo-chromium/video.webm]]

[[ATTACHMENT|comprehensive-system-test--085a3-em-Test-4-Card-Synergy-Demo-chromium/error-context.md]]
]]>
</system-out>
</testcase>
<testcase name="MoxMuse Comprehensive System Test › 5. Format Legality Demo" classname="comprehensive-system-test.spec.ts" time="13.408">
<failure message="comprehensive-system-test.spec.ts:218:7 5. Format Legality Demo" type="FAILURE">
<![CDATA[  [chromium] › comprehensive-system-test.spec.ts:218:7 › MoxMuse Comprehensive System Test › 5. Format Legality Demo 

    Error: Timed out 10000ms waiting for expect(locator).toBeVisible()

    Locator: locator('h1:has-text("Format Legality")')
    Expected: visible
    Received: <element(s) not found>
    Call log:
      - Expect "toBeVisible" with timeout 10000ms
      - waiting for locator('h1:has-text("Format Legality")')


      218 |   test('5. Format Legality Demo', async ({ page }) => {
      219 |     await page.goto(`${baseURL}/format-legality-demo`);
    > 220 |     await expect(page.locator('h1:has-text("Format Legality")')).toBeVisible();
          |                                                                  ^
      221 |
      222 |     // Test format validation
      223 |     const formats = ['Standard', 'Modern', 'Commander'];
        at /Users/jared.wolf/Projects/personal/moxmuse/apps/web/e2e/comprehensive-system-test.spec.ts:220:66

    attachment #1: screenshot (image/png) ──────────────────────────────────────────────────────────
    ../test-results/comprehensive-system-test--d29a0-Test-5-Format-Legality-Demo-chromium/test-failed-1.png
    ────────────────────────────────────────────────────────────────────────────────────────────────

    attachment #2: video (video/webm) ──────────────────────────────────────────────────────────────
    ../test-results/comprehensive-system-test--d29a0-Test-5-Format-Legality-Demo-chromium/video.webm
    ────────────────────────────────────────────────────────────────────────────────────────────────

    Error Context: ../test-results/comprehensive-system-test--d29a0-Test-5-Format-Legality-Demo-chromium/error-context.md
]]>
</failure>
<system-out>
<![CDATA[
    ===================================
    MoxMuse System Test Summary
    ===================================
    
    Tests cover:
    ✓ Homepage and navigation
    ✓ Authentication flow
    ✓ Deck building tutor journey
    ✓ Card synergy features
    ✓ Format legality checking
    ✓ Import/export functionality
    ✓ Deck organization
    ✓ Deck templates
    ✓ User decks management
    ✓ Performance monitoring
    ✓ Error handling
    ✓ Basic accessibility
    
    Run with: npx playwright test e2e/comprehensive-system-test.spec.ts
    
    For headed mode: npx playwright test e2e/comprehensive-system-test.spec.ts --headed
    For debug mode: npx playwright test e2e/comprehensive-system-test.spec.ts --debug
  

[[ATTACHMENT|comprehensive-system-test--d29a0-Test-5-Format-Legality-Demo-chromium/test-failed-1.png]]

[[ATTACHMENT|comprehensive-system-test--d29a0-Test-5-Format-Legality-Demo-chromium/video.webm]]

[[ATTACHMENT|comprehensive-system-test--d29a0-Test-5-Format-Legality-Demo-chromium/error-context.md]]
]]>
</system-out>
</testcase>
<testcase name="MoxMuse Comprehensive System Test › 6. Import/Export Functionality" classname="comprehensive-system-test.spec.ts" time="11.309">
<failure message="comprehensive-system-test.spec.ts:233:7 6. Import/Export Functionality" type="FAILURE">
<![CDATA[  [chromium] › comprehensive-system-test.spec.ts:233:7 › MoxMuse Comprehensive System Test › 6. Import/Export Functionality 

    Error: Timed out 10000ms waiting for expect(locator).toBeVisible()

    Locator: locator('h1:has-text("Import")')
    Expected: visible
    Received: <element(s) not found>
    Call log:
      - Expect "toBeVisible" with timeout 10000ms
      - waiting for locator('h1:has-text("Import")')


      233 |   test('6. Import/Export Functionality', async ({ page }) => {
      234 |     await page.goto(`${baseURL}/import-job-demo`);
    > 235 |     await expect(page.locator('h1:has-text("Import")')).toBeVisible();
          |                                                         ^
      236 |
      237 |     // Test CSV import
      238 |     const uploadButton = page.locator('input[type="file"]');
        at /Users/jared.wolf/Projects/personal/moxmuse/apps/web/e2e/comprehensive-system-test.spec.ts:235:57

    attachment #1: screenshot (image/png) ──────────────────────────────────────────────────────────
    ../test-results/comprehensive-system-test--8520d-Import-Export-Functionality-chromium/test-failed-1.png
    ────────────────────────────────────────────────────────────────────────────────────────────────

    attachment #2: video (video/webm) ──────────────────────────────────────────────────────────────
    ../test-results/comprehensive-system-test--8520d-Import-Export-Functionality-chromium/video.webm
    ────────────────────────────────────────────────────────────────────────────────────────────────

    Error Context: ../test-results/comprehensive-system-test--8520d-Import-Export-Functionality-chromium/error-context.md
]]>
</failure>
<system-out>
<![CDATA[
    ===================================
    MoxMuse System Test Summary
    ===================================
    
    Tests cover:
    ✓ Homepage and navigation
    ✓ Authentication flow
    ✓ Deck building tutor journey
    ✓ Card synergy features
    ✓ Format legality checking
    ✓ Import/export functionality
    ✓ Deck organization
    ✓ Deck templates
    ✓ User decks management
    ✓ Performance monitoring
    ✓ Error handling
    ✓ Basic accessibility
    
    Run with: npx playwright test e2e/comprehensive-system-test.spec.ts
    
    For headed mode: npx playwright test e2e/comprehensive-system-test.spec.ts --headed
    For debug mode: npx playwright test e2e/comprehensive-system-test.spec.ts --debug
  

[[ATTACHMENT|comprehensive-system-test--8520d-Import-Export-Functionality-chromium/test-failed-1.png]]

[[ATTACHMENT|comprehensive-system-test--8520d-Import-Export-Functionality-chromium/video.webm]]

[[ATTACHMENT|comprehensive-system-test--8520d-Import-Export-Functionality-chromium/error-context.md]]
]]>
</system-out>
</testcase>
<testcase name="MoxMuse Comprehensive System Test › 7. Deck Organization" classname="comprehensive-system-test.spec.ts" time="13.063">
<failure message="comprehensive-system-test.spec.ts:259:7 7. Deck Organization" type="FAILURE">
<![CDATA[  [chromium] › comprehensive-system-test.spec.ts:259:7 › MoxMuse Comprehensive System Test › 7. Deck Organization 

    Error: Timed out 10000ms waiting for expect(locator).toBeVisible()

    Locator: locator('h1:has-text("Deck Organization")')
    Expected: visible
    Received: <element(s) not found>
    Call log:
      - Expect "toBeVisible" with timeout 10000ms
      - waiting for locator('h1:has-text("Deck Organization")')


      259 |   test('7. Deck Organization', async ({ page }) => {
      260 |     await page.goto(`${baseURL}/deck-organization`);
    > 261 |     await expect(page.locator('h1:has-text("Deck Organization")')).toBeVisible();
          |                                                                    ^
      262 |
      263 |     // Test category filters
      264 |     const categories = ['Creatures', 'Instants', 'Sorceries', 'Artifacts'];
        at /Users/jared.wolf/Projects/personal/moxmuse/apps/web/e2e/comprehensive-system-test.spec.ts:261:68

    attachment #1: screenshot (image/png) ──────────────────────────────────────────────────────────
    ../test-results/comprehensive-system-test--dd0da-em-Test-7-Deck-Organization-chromium/test-failed-1.png
    ────────────────────────────────────────────────────────────────────────────────────────────────

    attachment #2: video (video/webm) ──────────────────────────────────────────────────────────────
    ../test-results/comprehensive-system-test--dd0da-em-Test-7-Deck-Organization-chromium/video.webm
    ────────────────────────────────────────────────────────────────────────────────────────────────

    Error Context: ../test-results/comprehensive-system-test--dd0da-em-Test-7-Deck-Organization-chromium/error-context.md
]]>
</failure>
<system-out>
<![CDATA[
    ===================================
    MoxMuse System Test Summary
    ===================================
    
    Tests cover:
    ✓ Homepage and navigation
    ✓ Authentication flow
    ✓ Deck building tutor journey
    ✓ Card synergy features
    ✓ Format legality checking
    ✓ Import/export functionality
    ✓ Deck organization
    ✓ Deck templates
    ✓ User decks management
    ✓ Performance monitoring
    ✓ Error handling
    ✓ Basic accessibility
    
    Run with: npx playwright test e2e/comprehensive-system-test.spec.ts
    
    For headed mode: npx playwright test e2e/comprehensive-system-test.spec.ts --headed
    For debug mode: npx playwright test e2e/comprehensive-system-test.spec.ts --debug
  

[[ATTACHMENT|comprehensive-system-test--dd0da-em-Test-7-Deck-Organization-chromium/test-failed-1.png]]

[[ATTACHMENT|comprehensive-system-test--dd0da-em-Test-7-Deck-Organization-chromium/video.webm]]

[[ATTACHMENT|comprehensive-system-test--dd0da-em-Test-7-Deck-Organization-chromium/error-context.md]]
]]>
</system-out>
</testcase>
<testcase name="MoxMuse Comprehensive System Test › 8. Deck Templates" classname="comprehensive-system-test.spec.ts" time="11.383">
<failure message="comprehensive-system-test.spec.ts:274:7 8. Deck Templates" type="FAILURE">
<![CDATA[  [chromium] › comprehensive-system-test.spec.ts:274:7 › MoxMuse Comprehensive System Test › 8. Deck Templates 

    Error: Timed out 10000ms waiting for expect(locator).toBeVisible()

    Locator: locator('h1:has-text("Deck Templates")')
    Expected: visible
    Received: <element(s) not found>
    Call log:
      - Expect "toBeVisible" with timeout 10000ms
      - waiting for locator('h1:has-text("Deck Templates")')


      274 |   test('8. Deck Templates', async ({ page }) => {
      275 |     await page.goto(`${baseURL}/deck-templates`);
    > 276 |     await expect(page.locator('h1:has-text("Deck Templates")')).toBeVisible();
          |                                                                 ^
      277 |
      278 |     // Check for template section - either templates or empty state
      279 |     const templatesExist = await page.locator('text=My Templates').isVisible();
        at /Users/jared.wolf/Projects/personal/moxmuse/apps/web/e2e/comprehensive-system-test.spec.ts:276:65

    attachment #1: screenshot (image/png) ──────────────────────────────────────────────────────────
    ../test-results/comprehensive-system-test--f548c-ystem-Test-8-Deck-Templates-chromium/test-failed-1.png
    ────────────────────────────────────────────────────────────────────────────────────────────────

    attachment #2: video (video/webm) ──────────────────────────────────────────────────────────────
    ../test-results/comprehensive-system-test--f548c-ystem-Test-8-Deck-Templates-chromium/video.webm
    ────────────────────────────────────────────────────────────────────────────────────────────────

    Error Context: ../test-results/comprehensive-system-test--f548c-ystem-Test-8-Deck-Templates-chromium/error-context.md
]]>
</failure>
<system-out>
<![CDATA[
    ===================================
    MoxMuse System Test Summary
    ===================================
    
    Tests cover:
    ✓ Homepage and navigation
    ✓ Authentication flow
    ✓ Deck building tutor journey
    ✓ Card synergy features
    ✓ Format legality checking
    ✓ Import/export functionality
    ✓ Deck organization
    ✓ Deck templates
    ✓ User decks management
    ✓ Performance monitoring
    ✓ Error handling
    ✓ Basic accessibility
    
    Run with: npx playwright test e2e/comprehensive-system-test.spec.ts
    
    For headed mode: npx playwright test e2e/comprehensive-system-test.spec.ts --headed
    For debug mode: npx playwright test e2e/comprehensive-system-test.spec.ts --debug
  

[[ATTACHMENT|comprehensive-system-test--f548c-ystem-Test-8-Deck-Templates-chromium/test-failed-1.png]]

[[ATTACHMENT|comprehensive-system-test--f548c-ystem-Test-8-Deck-Templates-chromium/video.webm]]

[[ATTACHMENT|comprehensive-system-test--f548c-ystem-Test-8-Deck-Templates-chromium/error-context.md]]
]]>
</system-out>
</testcase>
<testcase name="MoxMuse Comprehensive System Test › 9. User Decks Page" classname="comprehensive-system-test.spec.ts" time="3.518">
</testcase>
<testcase name="MoxMuse Comprehensive System Test › 10. Performance Monitoring" classname="comprehensive-system-test.spec.ts" time="4.446">
<system-out>
<![CDATA[Performance Metrics: [
  { page: [32m'Homepage'[39m, loadTime: [33m950[39m, status: [32m'PASS'[39m },
  { page: [32m'Tutor'[39m, loadTime: [33m851[39m, status: [32m'PASS'[39m },
  { page: [32m'Card Synergy'[39m, loadTime: [33m768[39m, status: [32m'PASS'[39m },
  { page: [32m'Format Legality'[39m, loadTime: [33m891[39m, status: [32m'PASS'[39m }
]

    ===================================
    MoxMuse System Test Summary
    ===================================
    
    Tests cover:
    ✓ Homepage and navigation
    ✓ Authentication flow
    ✓ Deck building tutor journey
    ✓ Card synergy features
    ✓ Format legality checking
    ✓ Import/export functionality
    ✓ Deck organization
    ✓ Deck templates
    ✓ User decks management
    ✓ Performance monitoring
    ✓ Error handling
    ✓ Basic accessibility
    
    Run with: npx playwright test e2e/comprehensive-system-test.spec.ts
    
    For headed mode: npx playwright test e2e/comprehensive-system-test.spec.ts --headed
    For debug mode: npx playwright test e2e/comprehensive-system-test.spec.ts --debug
  
]]>
</system-out>
</testcase>
<testcase name="MoxMuse Comprehensive System Test › 11. Error Handling" classname="comprehensive-system-test.spec.ts" time="14.152">
<system-out>
<![CDATA[Error simulation test completed
]]>
</system-out>
</testcase>
<testcase name="MoxMuse Comprehensive System Test › 12. Accessibility Check" classname="comprehensive-system-test.spec.ts" time="1.77">
<system-out>
<![CDATA[
    ===================================
    MoxMuse System Test Summary
    ===================================
    
    Tests cover:
    ✓ Homepage and navigation
    ✓ Authentication flow
    ✓ Deck building tutor journey
    ✓ Card synergy features
    ✓ Format legality checking
    ✓ Import/export functionality
    ✓ Deck organization
    ✓ Deck templates
    ✓ User decks management
    ✓ Performance monitoring
    ✓ Error handling
    ✓ Basic accessibility
    
    Run with: npx playwright test e2e/comprehensive-system-test.spec.ts
    
    For headed mode: npx playwright test e2e/comprehensive-system-test.spec.ts --headed
    For debug mode: npx playwright test e2e/comprehensive-system-test.spec.ts --debug
  
]]>
</system-out>
</testcase>
<testcase name="Authenticated User Tests › Generate and Save Deck" classname="comprehensive-system-test.spec.ts" time="1.654">
<properties>
<property name="skip" value="">
</property>
</properties>
<skipped>
</skipped>
</testcase>
<testcase name="Authenticated User Tests › View and Edit Saved Decks" classname="comprehensive-system-test.spec.ts" time="1.628">
<properties>
<property name="skip" value="">
</property>
</properties>
<skipped>
</skipped>
</testcase>
</testsuite>
<testsuite name="critical-user-journeys.spec.ts" timestamp="2025-08-05T19:57:53.054Z" hostname="chromium" tests="14" failures="12" skipped="0" time="123.566" errors="0">
<testcase name="Critical User Journeys › New User Onboarding Journey › should complete full onboarding flow" classname="critical-user-journeys.spec.ts" time="11.937">
<failure message="critical-user-journeys.spec.ts:50:9 should complete full onboarding flow" type="FAILURE">
<![CDATA[  [chromium] › critical-user-journeys.spec.ts:50:9 › Critical User Journeys › New User Onboarding Journey › should complete full onboarding flow 

    Error: Timed out 10000ms waiting for expect(locator).toBeVisible()

    Locator: getByText(/build complete deck/i)
    Expected: visible
    Received: <element(s) not found>
    Call log:
      - Expect "toBeVisible" with timeout 10000ms
      - waiting for getByText(/build complete deck/i)


      57 |       
      58 |       // Click on "Build Complete Deck" button
    > 59 |       await expect(page.getByText(/build complete deck/i)).toBeVisible()
         |                                                            ^
      60 |       await page.getByText(/build complete deck/i).click()
      61 |       
      62 |       // Should show deck building options
        at /Users/jared.wolf/Projects/personal/moxmuse/apps/web/e2e/critical-user-journeys.spec.ts:59:60

    attachment #1: screenshot (image/png) ──────────────────────────────────────────────────────────
    ../test-results/critical-user-journeys-Cri-32655-mplete-full-onboarding-flow-chromium/test-failed-1.png
    ────────────────────────────────────────────────────────────────────────────────────────────────

    attachment #2: video (video/webm) ──────────────────────────────────────────────────────────────
    ../test-results/critical-user-journeys-Cri-32655-mplete-full-onboarding-flow-chromium/video.webm
    ────────────────────────────────────────────────────────────────────────────────────────────────

    Error Context: ../test-results/critical-user-journeys-Cri-32655-mplete-full-onboarding-flow-chromium/error-context.md
]]>
</failure>
<system-out>
<![CDATA[
[[ATTACHMENT|critical-user-journeys-Cri-32655-mplete-full-onboarding-flow-chromium/test-failed-1.png]]

[[ATTACHMENT|critical-user-journeys-Cri-32655-mplete-full-onboarding-flow-chromium/video.webm]]

[[ATTACHMENT|critical-user-journeys-Cri-32655-mplete-full-onboarding-flow-chromium/error-context.md]]
]]>
</system-out>
</testcase>
<testcase name="Critical User Journeys › New User Onboarding Journey › should handle onboarding errors gracefully" classname="critical-user-journeys.spec.ts" time="10.584">
<failure message="critical-user-journeys.spec.ts:97:9 should handle onboarding errors gracefully" type="FAILURE">
<![CDATA[  [chromium] › critical-user-journeys.spec.ts:97:9 › Critical User Journeys › New User Onboarding Journey › should handle onboarding errors gracefully 

    TimeoutError: locator.click: Timeout 10000ms exceeded.
    Call log:
      - waiting for getByRole('button', { name: /build complete deck/i })


      108 |
      109 |       // Click on "Build Complete Deck" button
    > 110 |       await page.getByRole('button', { name: /build complete deck/i }).click()
          |                                                                        ^
      111 |       
      112 |       // Choose "I know my commander"
      113 |       await page.getByText('I know my commander').click()
        at /Users/jared.wolf/Projects/personal/moxmuse/apps/web/e2e/critical-user-journeys.spec.ts:110:72

    attachment #1: screenshot (image/png) ──────────────────────────────────────────────────────────
    ../test-results/critical-user-journeys-Cri-9b18f-nboarding-errors-gracefully-chromium/test-failed-1.png
    ────────────────────────────────────────────────────────────────────────────────────────────────

    attachment #2: video (video/webm) ──────────────────────────────────────────────────────────────
    ../test-results/critical-user-journeys-Cri-9b18f-nboarding-errors-gracefully-chromium/video.webm
    ────────────────────────────────────────────────────────────────────────────────────────────────

    Error Context: ../test-results/critical-user-journeys-Cri-9b18f-nboarding-errors-gracefully-chromium/error-context.md
]]>
</failure>
<system-out>
<![CDATA[
[[ATTACHMENT|critical-user-journeys-Cri-9b18f-nboarding-errors-gracefully-chromium/test-failed-1.png]]

[[ATTACHMENT|critical-user-journeys-Cri-9b18f-nboarding-errors-gracefully-chromium/video.webm]]

[[ATTACHMENT|critical-user-journeys-Cri-9b18f-nboarding-errors-gracefully-chromium/error-context.md]]
]]>
</system-out>
</testcase>
<testcase name="Critical User Journeys › New User Onboarding Journey › should save progress during onboarding" classname="critical-user-journeys.spec.ts" time="10.631">
<failure message="critical-user-journeys.spec.ts:129:9 should save progress during onboarding" type="FAILURE">
<![CDATA[  [chromium] › critical-user-journeys.spec.ts:129:9 › Critical User Journeys › New User Onboarding Journey › should save progress during onboarding 

    TimeoutError: locator.click: Timeout 10000ms exceeded.
    Call log:
      - waiting for getByRole('button', { name: /build complete deck/i })


      131 |       
      132 |       // Click on "Build Complete Deck" button
    > 133 |       await page.getByRole('button', { name: /build complete deck/i }).click()
          |                                                                        ^
      134 |       
      135 |       // Choose "I know my commander"
      136 |       await page.getByText('I know my commander').click()
        at /Users/jared.wolf/Projects/personal/moxmuse/apps/web/e2e/critical-user-journeys.spec.ts:133:72

    attachment #1: screenshot (image/png) ──────────────────────────────────────────────────────────
    ../test-results/critical-user-journeys-Cri-0310d--progress-during-onboarding-chromium/test-failed-1.png
    ────────────────────────────────────────────────────────────────────────────────────────────────

    attachment #2: video (video/webm) ──────────────────────────────────────────────────────────────
    ../test-results/critical-user-journeys-Cri-0310d--progress-during-onboarding-chromium/video.webm
    ────────────────────────────────────────────────────────────────────────────────────────────────

    Error Context: ../test-results/critical-user-journeys-Cri-0310d--progress-during-onboarding-chromium/error-context.md
]]>
</failure>
<system-out>
<![CDATA[
[[ATTACHMENT|critical-user-journeys-Cri-0310d--progress-during-onboarding-chromium/test-failed-1.png]]

[[ATTACHMENT|critical-user-journeys-Cri-0310d--progress-during-onboarding-chromium/video.webm]]

[[ATTACHMENT|critical-user-journeys-Cri-0310d--progress-during-onboarding-chromium/error-context.md]]
]]>
</system-out>
</testcase>
<testcase name="Critical User Journeys › Deck Generation and Editing Journey › should generate deck and transition to editor" classname="critical-user-journeys.spec.ts" time="10.757">
<failure message="critical-user-journeys.spec.ts:150:9 should generate deck and transition to editor" type="FAILURE">
<![CDATA[  [chromium] › critical-user-journeys.spec.ts:150:9 › Critical User Journeys › Deck Generation and Editing Journey › should generate deck and transition to editor 

    TimeoutError: locator.click: Timeout 10000ms exceeded.
    Call log:
      - waiting for getByRole('button', { name: /build complete deck/i })


      173 |       
      174 |       // Click on "Build Complete Deck" button  
    > 175 |       await page.getByRole('button', { name: /build complete deck/i }).click()
          |                                                                        ^
      176 |       
      177 |       // Choose "I know my commander"
      178 |       await page.getByText('I know my commander').click()
        at /Users/jared.wolf/Projects/personal/moxmuse/apps/web/e2e/critical-user-journeys.spec.ts:175:72

    attachment #1: screenshot (image/png) ──────────────────────────────────────────────────────────
    ../test-results/critical-user-journeys-Cri-c36fe-ck-and-transition-to-editor-chromium/test-failed-1.png
    ────────────────────────────────────────────────────────────────────────────────────────────────

    attachment #2: video (video/webm) ──────────────────────────────────────────────────────────────
    ../test-results/critical-user-journeys-Cri-c36fe-ck-and-transition-to-editor-chromium/video.webm
    ────────────────────────────────────────────────────────────────────────────────────────────────

    Error Context: ../test-results/critical-user-journeys-Cri-c36fe-ck-and-transition-to-editor-chromium/error-context.md
]]>
</failure>
<system-out>
<![CDATA[
[[ATTACHMENT|critical-user-journeys-Cri-c36fe-ck-and-transition-to-editor-chromium/test-failed-1.png]]

[[ATTACHMENT|critical-user-journeys-Cri-c36fe-ck-and-transition-to-editor-chromium/video.webm]]

[[ATTACHMENT|critical-user-journeys-Cri-c36fe-ck-and-transition-to-editor-chromium/error-context.md]]
]]>
</system-out>
</testcase>
<testcase name="Critical User Journeys › Deck Generation and Editing Journey › should allow deck editing and show real-time updates" classname="critical-user-journeys.spec.ts" time="11.446">
<failure message="critical-user-journeys.spec.ts:199:9 should allow deck editing and show real-time updates" type="FAILURE">
<![CDATA[  [chromium] › critical-user-journeys.spec.ts:199:9 › Critical User Journeys › Deck Generation and Editing Journey › should allow deck editing and show real-time updates 

    Error: Timed out 10000ms waiting for expect(locator).toBeVisible()

    Locator: getByText('Editable Deck')
    Expected: visible
    Received: <element(s) not found>
    Call log:
      - Expect "toBeVisible" with timeout 10000ms
      - waiting for getByText('Editable Deck')


      218 |
      219 |       // Should show deck
    > 220 |       await expect(page.getByText('Editable Deck')).toBeVisible()
          |                                                     ^
      221 |       await expect(page.getByText('Sol Ring')).toBeVisible()
      222 |
      223 |       // Add card quantity
        at /Users/jared.wolf/Projects/personal/moxmuse/apps/web/e2e/critical-user-journeys.spec.ts:220:53

    attachment #1: screenshot (image/png) ──────────────────────────────────────────────────────────
    ../test-results/critical-user-journeys-Cri-2efc5--and-show-real-time-updates-chromium/test-failed-1.png
    ────────────────────────────────────────────────────────────────────────────────────────────────

    attachment #2: video (video/webm) ──────────────────────────────────────────────────────────────
    ../test-results/critical-user-journeys-Cri-2efc5--and-show-real-time-updates-chromium/video.webm
    ────────────────────────────────────────────────────────────────────────────────────────────────

    Error Context: ../test-results/critical-user-journeys-Cri-2efc5--and-show-real-time-updates-chromium/error-context.md
]]>
</failure>
<system-out>
<![CDATA[
[[ATTACHMENT|critical-user-journeys-Cri-2efc5--and-show-real-time-updates-chromium/test-failed-1.png]]

[[ATTACHMENT|critical-user-journeys-Cri-2efc5--and-show-real-time-updates-chromium/video.webm]]

[[ATTACHMENT|critical-user-journeys-Cri-2efc5--and-show-real-time-updates-chromium/error-context.md]]
]]>
</system-out>
</testcase>
<testcase name="Critical User Journeys › Deck Generation and Editing Journey › should handle large deck editing performance" classname="critical-user-journeys.spec.ts" time="10.931">
<failure message="critical-user-journeys.spec.ts:238:9 should handle large deck editing performance" type="FAILURE">
<![CDATA[  [chromium] › critical-user-journeys.spec.ts:238:9 › Critical User Journeys › Deck Generation and Editing Journey › should handle large deck editing performance 

    Error: Timed out 10000ms waiting for expect(locator).toBeVisible()

    Locator: getByText('Large Deck')
    Expected: visible
    Received: <element(s) not found>
    Call log:
      - Expect "toBeVisible" with timeout 10000ms
      - waiting for getByText('Large Deck')


      259 |       // Measure load time
      260 |       const startTime = Date.now()
    > 261 |       await expect(page.getByText('Large Deck')).toBeVisible()
          |                                                  ^
      262 |       const loadTime = Date.now() - startTime
      263 |
      264 |       expect(loadTime).toBeLessThan(3000) // Should load within 3 seconds
        at /Users/jared.wolf/Projects/personal/moxmuse/apps/web/e2e/critical-user-journeys.spec.ts:261:50

    attachment #1: screenshot (image/png) ──────────────────────────────────────────────────────────
    ../test-results/critical-user-journeys-Cri-cc77a-ge-deck-editing-performance-chromium/test-failed-1.png
    ────────────────────────────────────────────────────────────────────────────────────────────────

    attachment #2: video (video/webm) ──────────────────────────────────────────────────────────────
    ../test-results/critical-user-journeys-Cri-cc77a-ge-deck-editing-performance-chromium/video.webm
    ────────────────────────────────────────────────────────────────────────────────────────────────

    Error Context: ../test-results/critical-user-journeys-Cri-cc77a-ge-deck-editing-performance-chromium/error-context.md
]]>
</failure>
<system-out>
<![CDATA[
[[ATTACHMENT|critical-user-journeys-Cri-cc77a-ge-deck-editing-performance-chromium/test-failed-1.png]]

[[ATTACHMENT|critical-user-journeys-Cri-cc77a-ge-deck-editing-performance-chromium/video.webm]]

[[ATTACHMENT|critical-user-journeys-Cri-cc77a-ge-deck-editing-performance-chromium/error-context.md]]
]]>
</system-out>
</testcase>
<testcase name="Critical User Journeys › Mobile User Journey › should work on mobile devices" classname="critical-user-journeys.spec.ts" time="10.676">
<failure message="critical-user-journeys.spec.ts:285:9 should work on mobile devices" type="FAILURE">
<![CDATA[  [chromium] › critical-user-journeys.spec.ts:285:9 › Critical User Journeys › Mobile User Journey › should work on mobile devices 

    TimeoutError: locator.tap: Timeout 10000ms exceeded.
    Call log:
      - waiting for getByRole('button', { name: /build complete deck/i })


      290 |
      291 |       // Touch interactions should work
    > 292 |       await page.getByRole('button', { name: /build complete deck/i }).tap()
          |                                                                        ^
      293 |
      294 |       // Should show deck builder options
      295 |       await expect(page.getByText(/let's build your commander deck/i)).toBeVisible()
        at /Users/jared.wolf/Projects/personal/moxmuse/apps/web/e2e/critical-user-journeys.spec.ts:292:72

    attachment #1: screenshot (image/png) ──────────────────────────────────────────────────────────
    ../test-results/critical-user-journeys-Cri-dc16d-ould-work-on-mobile-devices-chromium/test-failed-1.png
    ────────────────────────────────────────────────────────────────────────────────────────────────

    attachment #2: video (video/webm) ──────────────────────────────────────────────────────────────
    ../test-results/critical-user-journeys-Cri-dc16d-ould-work-on-mobile-devices-chromium/video.webm
    ────────────────────────────────────────────────────────────────────────────────────────────────

    Error Context: ../test-results/critical-user-journeys-Cri-dc16d-ould-work-on-mobile-devices-chromium/error-context.md
]]>
</failure>
<system-out>
<![CDATA[
[[ATTACHMENT|critical-user-journeys-Cri-dc16d-ould-work-on-mobile-devices-chromium/test-failed-1.png]]

[[ATTACHMENT|critical-user-journeys-Cri-dc16d-ould-work-on-mobile-devices-chromium/video.webm]]

[[ATTACHMENT|critical-user-journeys-Cri-dc16d-ould-work-on-mobile-devices-chromium/error-context.md]]
]]>
</system-out>
</testcase>
<testcase name="Critical User Journeys › Mobile User Journey › should handle mobile deck editing" classname="critical-user-journeys.spec.ts" time="0.864">
</testcase>
<testcase name="Critical User Journeys › Mobile User Journey › should work offline" classname="critical-user-journeys.spec.ts" time="1.485">
<failure message="critical-user-journeys.spec.ts:325:9 should work offline" type="FAILURE">
<![CDATA[  [chromium] › critical-user-journeys.spec.ts:325:9 › Critical User Journeys › Mobile User Journey › should work offline 

    Error: page.reload: net::ERR_INTERNET_DISCONNECTED
    Call log:
      - waiting for navigation until "load"


      333 |       // Test that the page still functions offline with cached resources
      334 |       // Try to refresh the page - it should still load from cache
    > 335 |       await page.reload()
          |                  ^
      336 |       
      337 |       // Should still show basic UI elements from cache
      338 |       await expect(page.getByText('AI Deck Building Tutor')).toBeVisible()
        at /Users/jared.wolf/Projects/personal/moxmuse/apps/web/e2e/critical-user-journeys.spec.ts:335:18

    attachment #1: screenshot (image/png) ──────────────────────────────────────────────────────────
    ../test-results/critical-user-journeys-Cri-3787b-Journey-should-work-offline-chromium/test-failed-1.png
    ────────────────────────────────────────────────────────────────────────────────────────────────

    attachment #2: video (video/webm) ──────────────────────────────────────────────────────────────
    ../test-results/critical-user-journeys-Cri-3787b-Journey-should-work-offline-chromium/video.webm
    ────────────────────────────────────────────────────────────────────────────────────────────────
]]>
</failure>
<system-out>
<![CDATA[
[[ATTACHMENT|critical-user-journeys-Cri-3787b-Journey-should-work-offline-chromium/test-failed-1.png]]

[[ATTACHMENT|critical-user-journeys-Cri-3787b-Journey-should-work-offline-chromium/video.webm]]
]]>
</system-out>
</testcase>
<testcase name="Critical User Journeys › Error Recovery Journey › should recover from network failures" classname="critical-user-journeys.spec.ts" time="10.944">
<failure message="critical-user-journeys.spec.ts:358:9 should recover from network failures" type="FAILURE">
<![CDATA[  [chromium] › critical-user-journeys.spec.ts:358:9 › Critical User Journeys › Error Recovery Journey › should recover from network failures 

    TimeoutError: locator.click: Timeout 10000ms exceeded.
    Call log:
      - waiting for getByRole('button', { name: /build complete deck/i })


      360 |
      361 |       // Click on "Build Complete Deck" button
    > 362 |       await page.getByRole('button', { name: /build complete deck/i }).click()
          |                                                                        ^
      363 |       
      364 |       // Choose commander option
      365 |       await page.getByText('I know my commander').click()
        at /Users/jared.wolf/Projects/personal/moxmuse/apps/web/e2e/critical-user-journeys.spec.ts:362:72

    attachment #1: screenshot (image/png) ──────────────────────────────────────────────────────────
    ../test-results/critical-user-journeys-Cri-f3346-cover-from-network-failures-chromium/test-failed-1.png
    ────────────────────────────────────────────────────────────────────────────────────────────────

    attachment #2: video (video/webm) ──────────────────────────────────────────────────────────────
    ../test-results/critical-user-journeys-Cri-f3346-cover-from-network-failures-chromium/video.webm
    ────────────────────────────────────────────────────────────────────────────────────────────────

    Error Context: ../test-results/critical-user-journeys-Cri-f3346-cover-from-network-failures-chromium/error-context.md
]]>
</failure>
<system-out>
<![CDATA[
[[ATTACHMENT|critical-user-journeys-Cri-f3346-cover-from-network-failures-chromium/test-failed-1.png]]

[[ATTACHMENT|critical-user-journeys-Cri-f3346-cover-from-network-failures-chromium/video.webm]]

[[ATTACHMENT|critical-user-journeys-Cri-f3346-cover-from-network-failures-chromium/error-context.md]]
]]>
</system-out>
</testcase>
<testcase name="Critical User Journeys › Error Recovery Journey › should handle partial generation failures" classname="critical-user-journeys.spec.ts" time="10.667">
<failure message="critical-user-journeys.spec.ts:394:9 should handle partial generation failures" type="FAILURE">
<![CDATA[  [chromium] › critical-user-journeys.spec.ts:394:9 › Critical User Journeys › Error Recovery Journey › should handle partial generation failures 

    TimeoutError: locator.click: Timeout 10000ms exceeded.
    Call log:
      - waiting for getByRole('button', { name: /build complete deck/i })


      412 |
      413 |       // Click on "Build Complete Deck" button
    > 414 |       await page.getByRole('button', { name: /build complete deck/i }).click()
          |                                                                        ^
      415 |       
      416 |       // Choose commander option
      417 |       await page.getByText('I know my commander').click()
        at /Users/jared.wolf/Projects/personal/moxmuse/apps/web/e2e/critical-user-journeys.spec.ts:414:72

    attachment #1: screenshot (image/png) ──────────────────────────────────────────────────────────
    ../test-results/critical-user-journeys-Cri-d0bf5-partial-generation-failures-chromium/test-failed-1.png
    ────────────────────────────────────────────────────────────────────────────────────────────────

    attachment #2: video (video/webm) ──────────────────────────────────────────────────────────────
    ../test-results/critical-user-journeys-Cri-d0bf5-partial-generation-failures-chromium/video.webm
    ────────────────────────────────────────────────────────────────────────────────────────────────

    Error Context: ../test-results/critical-user-journeys-Cri-d0bf5-partial-generation-failures-chromium/error-context.md
]]>
</failure>
<system-out>
<![CDATA[
[[ATTACHMENT|critical-user-journeys-Cri-d0bf5-partial-generation-failures-chromium/test-failed-1.png]]

[[ATTACHMENT|critical-user-journeys-Cri-d0bf5-partial-generation-failures-chromium/video.webm]]

[[ATTACHMENT|critical-user-journeys-Cri-d0bf5-partial-generation-failures-chromium/error-context.md]]
]]>
</system-out>
</testcase>
<testcase name="Critical User Journeys › Error Recovery Journey › should preserve user data during errors" classname="critical-user-journeys.spec.ts" time="10.732">
<failure message="critical-user-journeys.spec.ts:437:9 should preserve user data during errors" type="FAILURE">
<![CDATA[  [chromium] › critical-user-journeys.spec.ts:437:9 › Critical User Journeys › Error Recovery Journey › should preserve user data during errors 

    TimeoutError: locator.click: Timeout 10000ms exceeded.
    Call log:
      - waiting for getByRole('button', { name: /build complete deck/i })


      439 |       
      440 |       // Click on "Build Complete Deck" button
    > 441 |       await page.getByRole('button', { name: /build complete deck/i }).click()
          |                                                                        ^
      442 |       
      443 |       // Choose commander option
      444 |       await page.getByText('I know my commander').click()
        at /Users/jared.wolf/Projects/personal/moxmuse/apps/web/e2e/critical-user-journeys.spec.ts:441:72

    attachment #1: screenshot (image/png) ──────────────────────────────────────────────────────────
    ../test-results/critical-user-journeys-Cri-c0029-rve-user-data-during-errors-chromium/test-failed-1.png
    ────────────────────────────────────────────────────────────────────────────────────────────────

    attachment #2: video (video/webm) ──────────────────────────────────────────────────────────────
    ../test-results/critical-user-journeys-Cri-c0029-rve-user-data-during-errors-chromium/video.webm
    ────────────────────────────────────────────────────────────────────────────────────────────────

    Error Context: ../test-results/critical-user-journeys-Cri-c0029-rve-user-data-during-errors-chromium/error-context.md
]]>
</failure>
<system-out>
<![CDATA[
[[ATTACHMENT|critical-user-journeys-Cri-c0029-rve-user-data-during-errors-chromium/test-failed-1.png]]

[[ATTACHMENT|critical-user-journeys-Cri-c0029-rve-user-data-during-errors-chromium/video.webm]]

[[ATTACHMENT|critical-user-journeys-Cri-c0029-rve-user-data-during-errors-chromium/error-context.md]]
]]>
</system-out>
</testcase>
<testcase name="Critical User Journeys › Performance Benchmarks › should meet performance targets" classname="critical-user-journeys.spec.ts" time="0.577">
</testcase>
<testcase name="Critical User Journeys › Performance Benchmarks › should handle concurrent users" classname="critical-user-journeys.spec.ts" time="11.335">
<failure message="critical-user-journeys.spec.ts:485:9 should handle concurrent users" type="FAILURE">
<![CDATA[  [chromium] › critical-user-journeys.spec.ts:485:9 › Critical User Journeys › Performance Benchmarks › should handle concurrent users 

    TimeoutError: locator.click: Timeout 10000ms exceeded.
    Call log:
      - waiting for getByRole('button', { name: /build complete deck/i })


      505 |         
      506 |         // Click on "Build Complete Deck" button
    > 507 |         await page.getByRole('button', { name: /build complete deck/i }).click()
          |                                                                          ^
      508 |         
      509 |         // Choose commander option
      510 |         await page.getByText('I know my commander').click()
        at /Users/jared.wolf/Projects/personal/moxmuse/apps/web/e2e/critical-user-journeys.spec.ts:507:74
        at /Users/jared.wolf/Projects/personal/moxmuse/apps/web/e2e/critical-user-journeys.spec.ts:497:7

    attachment #1: screenshot (image/png) ──────────────────────────────────────────────────────────
    ../test-results/critical-user-journeys-Cri-aa558-uld-handle-concurrent-users-chromium/test-failed-1.png
    ────────────────────────────────────────────────────────────────────────────────────────────────

    attachment #2: screenshot (image/png) ──────────────────────────────────────────────────────────
    ../test-results/critical-user-journeys-Cri-aa558-uld-handle-concurrent-users-chromium/test-failed-3.png
    ────────────────────────────────────────────────────────────────────────────────────────────────

    attachment #3: screenshot (image/png) ──────────────────────────────────────────────────────────
    ../test-results/critical-user-journeys-Cri-aa558-uld-handle-concurrent-users-chromium/test-failed-2.png
    ────────────────────────────────────────────────────────────────────────────────────────────────

    attachment #4: screenshot (image/png) ──────────────────────────────────────────────────────────
    ../test-results/critical-user-journeys-Cri-aa558-uld-handle-concurrent-users-chromium/test-failed-4.png
    ────────────────────────────────────────────────────────────────────────────────────────────────

    attachment #5: video (video/webm) ──────────────────────────────────────────────────────────────
    ../test-results/critical-user-journeys-Cri-aa558-uld-handle-concurrent-users-chromium/video.webm
    ────────────────────────────────────────────────────────────────────────────────────────────────

    Error Context: ../test-results/critical-user-journeys-Cri-aa558-uld-handle-concurrent-users-chromium/error-context.md
]]>
</failure>
<system-out>
<![CDATA[
[[ATTACHMENT|critical-user-journeys-Cri-aa558-uld-handle-concurrent-users-chromium/test-failed-1.png]]

[[ATTACHMENT|critical-user-journeys-Cri-aa558-uld-handle-concurrent-users-chromium/test-failed-3.png]]

[[ATTACHMENT|critical-user-journeys-Cri-aa558-uld-handle-concurrent-users-chromium/test-failed-2.png]]

[[ATTACHMENT|critical-user-journeys-Cri-aa558-uld-handle-concurrent-users-chromium/test-failed-4.png]]

[[ATTACHMENT|critical-user-journeys-Cri-aa558-uld-handle-concurrent-users-chromium/video.webm]]

[[ATTACHMENT|critical-user-journeys-Cri-aa558-uld-handle-concurrent-users-chromium/error-context.md]]
]]>
</system-out>
</testcase>
</testsuite>
<testsuite name="deck-building-tutor.spec.ts" timestamp="2025-08-05T19:57:53.054Z" hostname="chromium" tests="9" failures="8" skipped="0" time="86.948" errors="0">
<testcase name="AI Deck Building Tutor E2E › complete deck building workflow - with known commander" classname="deck-building-tutor.spec.ts" time="10.952">
<failure message="deck-building-tutor.spec.ts:9:7 complete deck building workflow - with known commander" type="FAILURE">
<![CDATA[  [chromium] › deck-building-tutor.spec.ts:9:7 › AI Deck Building Tutor E2E › complete deck building workflow - with known commander 

    Error: Timed out 10000ms waiting for expect(locator).toBeVisible()

    Locator: getByText('Build Complete Deck')
    Expected: visible
    Received: <element(s) not found>
    Call log:
      - Expect "toBeVisible" with timeout 10000ms
      - waiting for getByText('Build Complete Deck')


      10 |     // Step 1: Entry point selection
      11 |     await expect(page.getByText('AI Deck Building Tutor')).toBeVisible()
    > 12 |     await expect(page.getByText('Build Complete Deck')).toBeVisible()
         |                                                         ^
      13 |     await expect(page.getByText('Get Card Recommendations')).toBeVisible()
      14 |
      15 |     // Click on Build Complete Deck
        at /Users/jared.wolf/Projects/personal/moxmuse/apps/web/e2e/deck-building-tutor.spec.ts:12:57

    attachment #1: screenshot (image/png) ──────────────────────────────────────────────────────────
    ../test-results/deck-building-tutor-AI-Dec-971f0-flow---with-known-commander-chromium/test-failed-1.png
    ────────────────────────────────────────────────────────────────────────────────────────────────

    attachment #2: video (video/webm) ──────────────────────────────────────────────────────────────
    ../test-results/deck-building-tutor-AI-Dec-971f0-flow---with-known-commander-chromium/video.webm
    ────────────────────────────────────────────────────────────────────────────────────────────────

    Error Context: ../test-results/deck-building-tutor-AI-Dec-971f0-flow---with-known-commander-chromium/error-context.md
]]>
</failure>
<system-out>
<![CDATA[
[[ATTACHMENT|deck-building-tutor-AI-Dec-971f0-flow---with-known-commander-chromium/test-failed-1.png]]

[[ATTACHMENT|deck-building-tutor-AI-Dec-971f0-flow---with-known-commander-chromium/video.webm]]

[[ATTACHMENT|deck-building-tutor-AI-Dec-971f0-flow---with-known-commander-chromium/error-context.md]]
]]>
</system-out>
</testcase>
<testcase name="AI Deck Building Tutor E2E › complete deck building workflow - need commander suggestions" classname="deck-building-tutor.spec.ts" time="10.718">
<failure message="deck-building-tutor.spec.ts:41:7 complete deck building workflow - need commander suggestions" type="FAILURE">
<![CDATA[  [chromium] › deck-building-tutor.spec.ts:41:7 › AI Deck Building Tutor E2E › complete deck building workflow - need commander suggestions 

    TimeoutError: locator.click: Timeout 10000ms exceeded.
    Call log:
      - waiting for getByText('Build Complete Deck')


      41 |   test('complete deck building workflow - need commander suggestions', async ({ page }) => {
      42 |     // Click on Build Complete Deck
    > 43 |     await page.getByText('Build Complete Deck').click()
         |                                                 ^
      44 |
      45 |     // Choose "I need commander suggestions"
      46 |     await page.getByText('I need commander suggestions').click()
        at /Users/jared.wolf/Projects/personal/moxmuse/apps/web/e2e/deck-building-tutor.spec.ts:43:49

    attachment #1: screenshot (image/png) ──────────────────────────────────────────────────────────
    ../test-results/deck-building-tutor-AI-Dec-06e41--need-commander-suggestions-chromium/test-failed-1.png
    ────────────────────────────────────────────────────────────────────────────────────────────────

    attachment #2: video (video/webm) ──────────────────────────────────────────────────────────────
    ../test-results/deck-building-tutor-AI-Dec-06e41--need-commander-suggestions-chromium/video.webm
    ────────────────────────────────────────────────────────────────────────────────────────────────

    Error Context: ../test-results/deck-building-tutor-AI-Dec-06e41--need-commander-suggestions-chromium/error-context.md
]]>
</failure>
<system-out>
<![CDATA[
[[ATTACHMENT|deck-building-tutor-AI-Dec-06e41--need-commander-suggestions-chromium/test-failed-1.png]]

[[ATTACHMENT|deck-building-tutor-AI-Dec-06e41--need-commander-suggestions-chromium/video.webm]]

[[ATTACHMENT|deck-building-tutor-AI-Dec-06e41--need-commander-suggestions-chromium/error-context.md]]
]]>
</system-out>
</testcase>
<testcase name="AI Deck Building Tutor E2E › card recommendations workflow" classname="deck-building-tutor.spec.ts" time="10.717">
<failure message="deck-building-tutor.spec.ts:58:7 card recommendations workflow" type="FAILURE">
<![CDATA[  [chromium] › deck-building-tutor.spec.ts:58:7 › AI Deck Building Tutor E2E › card recommendations workflow 

    TimeoutError: locator.click: Timeout 10000ms exceeded.
    Call log:
      - waiting for getByText('Get Card Recommendations')


      58 |   test('card recommendations workflow', async ({ page }) => {
      59 |     // Click on Get Card Recommendations
    > 60 |     await page.getByText('Get Card Recommendations').click()
         |                                                      ^
      61 |
      62 |     // Should navigate to chat interface
      63 |     await expect(page.getByText('Let\'s talk about your deck')).toBeVisible()
        at /Users/jared.wolf/Projects/personal/moxmuse/apps/web/e2e/deck-building-tutor.spec.ts:60:54

    attachment #1: screenshot (image/png) ──────────────────────────────────────────────────────────
    ../test-results/deck-building-tutor-AI-Dec-d069a-rd-recommendations-workflow-chromium/test-failed-1.png
    ────────────────────────────────────────────────────────────────────────────────────────────────

    attachment #2: video (video/webm) ──────────────────────────────────────────────────────────────
    ../test-results/deck-building-tutor-AI-Dec-d069a-rd-recommendations-workflow-chromium/video.webm
    ────────────────────────────────────────────────────────────────────────────────────────────────

    Error Context: ../test-results/deck-building-tutor-AI-Dec-d069a-rd-recommendations-workflow-chromium/error-context.md
]]>
</failure>
<system-out>
<![CDATA[
[[ATTACHMENT|deck-building-tutor-AI-Dec-d069a-rd-recommendations-workflow-chromium/test-failed-1.png]]

[[ATTACHMENT|deck-building-tutor-AI-Dec-d069a-rd-recommendations-workflow-chromium/video.webm]]

[[ATTACHMENT|deck-building-tutor-AI-Dec-d069a-rd-recommendations-workflow-chromium/error-context.md]]
]]>
</system-out>
</testcase>
<testcase name="AI Deck Building Tutor E2E › wizard navigation through consultation flow" classname="deck-building-tutor.spec.ts" time="10.736">
<failure message="deck-building-tutor.spec.ts:81:7 wizard navigation through consultation flow" type="FAILURE">
<![CDATA[  [chromium] › deck-building-tutor.spec.ts:81:7 › AI Deck Building Tutor E2E › wizard navigation through consultation flow 

    TimeoutError: locator.click: Timeout 10000ms exceeded.
    Call log:
      - waiting for getByText('Build Complete Deck')


      81 |   test('wizard navigation through consultation flow', async ({ page }) => {
      82 |     // Start deck building
    > 83 |     await page.getByText('Build Complete Deck').click()
         |                                                 ^
      84 |     
      85 |     // Choose commander suggestions path
      86 |     await page.getByText('I need commander suggestions').click()
        at /Users/jared.wolf/Projects/personal/moxmuse/apps/web/e2e/deck-building-tutor.spec.ts:83:49

    attachment #1: screenshot (image/png) ──────────────────────────────────────────────────────────
    ../test-results/deck-building-tutor-AI-Dec-3deb2-n-through-consultation-flow-chromium/test-failed-1.png
    ────────────────────────────────────────────────────────────────────────────────────────────────

    attachment #2: video (video/webm) ──────────────────────────────────────────────────────────────
    ../test-results/deck-building-tutor-AI-Dec-3deb2-n-through-consultation-flow-chromium/video.webm
    ────────────────────────────────────────────────────────────────────────────────────────────────

    Error Context: ../test-results/deck-building-tutor-AI-Dec-3deb2-n-through-consultation-flow-chromium/error-context.md
]]>
</failure>
<system-out>
<![CDATA[
[[ATTACHMENT|deck-building-tutor-AI-Dec-3deb2-n-through-consultation-flow-chromium/test-failed-1.png]]

[[ATTACHMENT|deck-building-tutor-AI-Dec-3deb2-n-through-consultation-flow-chromium/video.webm]]

[[ATTACHMENT|deck-building-tutor-AI-Dec-3deb2-n-through-consultation-flow-chromium/error-context.md]]
]]>
</system-out>
</testcase>
<testcase name="AI Deck Building Tutor E2E › existing deck selection" classname="deck-building-tutor.spec.ts" time="0.742">
</testcase>
<testcase name="AI Deck Building Tutor E2E › mobile responsiveness" classname="deck-building-tutor.spec.ts" time="10.674">
<failure message="deck-building-tutor.spec.ts:127:7 mobile responsiveness" type="FAILURE">
<![CDATA[  [chromium] › deck-building-tutor.spec.ts:127:7 › AI Deck Building Tutor E2E › mobile responsiveness 

    Error: Timed out 10000ms waiting for expect(locator).toBeVisible()

    Locator: getByText('Build Complete Deck')
    Expected: visible
    Received: <element(s) not found>
    Call log:
      - Expect "toBeVisible" with timeout 10000ms
      - waiting for getByText('Build Complete Deck')


      130 |
      131 |     // Entry point should be responsive
    > 132 |     await expect(page.getByText('Build Complete Deck')).toBeVisible()
          |                                                         ^
      133 |     await expect(page.getByText('Get Card Recommendations')).toBeVisible()
      134 |
      135 |     // Start wizard
        at /Users/jared.wolf/Projects/personal/moxmuse/apps/web/e2e/deck-building-tutor.spec.ts:132:57

    attachment #1: screenshot (image/png) ──────────────────────────────────────────────────────────
    ../test-results/deck-building-tutor-AI-Dec-83220-r-E2E-mobile-responsiveness-chromium/test-failed-1.png
    ────────────────────────────────────────────────────────────────────────────────────────────────

    attachment #2: video (video/webm) ──────────────────────────────────────────────────────────────
    ../test-results/deck-building-tutor-AI-Dec-83220-r-E2E-mobile-responsiveness-chromium/video.webm
    ────────────────────────────────────────────────────────────────────────────────────────────────

    Error Context: ../test-results/deck-building-tutor-AI-Dec-83220-r-E2E-mobile-responsiveness-chromium/error-context.md
]]>
</failure>
<system-out>
<![CDATA[
[[ATTACHMENT|deck-building-tutor-AI-Dec-83220-r-E2E-mobile-responsiveness-chromium/test-failed-1.png]]

[[ATTACHMENT|deck-building-tutor-AI-Dec-83220-r-E2E-mobile-responsiveness-chromium/video.webm]]

[[ATTACHMENT|deck-building-tutor-AI-Dec-83220-r-E2E-mobile-responsiveness-chromium/error-context.md]]
]]>
</system-out>
</testcase>
<testcase name="AI Deck Building Tutor E2E › error handling - network failure" classname="deck-building-tutor.spec.ts" time="10.638">
<failure message="deck-building-tutor.spec.ts:151:7 error handling - network failure" type="FAILURE">
<![CDATA[  [chromium] › deck-building-tutor.spec.ts:151:7 › AI Deck Building Tutor E2E › error handling - network failure 

    TimeoutError: locator.click: Timeout 10000ms exceeded.
    Call log:
      - waiting for getByText('Build Complete Deck')


      161 |
      162 |     // Start deck building
    > 163 |     await page.getByText('Build Complete Deck').click()
          |                                                 ^
      164 |     await page.getByText('I know my commander').click()
      165 |     
      166 |     // Enter commander and try to generate
        at /Users/jared.wolf/Projects/personal/moxmuse/apps/web/e2e/deck-building-tutor.spec.ts:163:49

    attachment #1: screenshot (image/png) ──────────────────────────────────────────────────────────
    ../test-results/deck-building-tutor-AI-Dec-b2bea--handling---network-failure-chromium/test-failed-1.png
    ────────────────────────────────────────────────────────────────────────────────────────────────

    attachment #2: video (video/webm) ──────────────────────────────────────────────────────────────
    ../test-results/deck-building-tutor-AI-Dec-b2bea--handling---network-failure-chromium/video.webm
    ────────────────────────────────────────────────────────────────────────────────────────────────

    Error Context: ../test-results/deck-building-tutor-AI-Dec-b2bea--handling---network-failure-chromium/error-context.md
]]>
</failure>
<system-out>
<![CDATA[
[[ATTACHMENT|deck-building-tutor-AI-Dec-b2bea--handling---network-failure-chromium/test-failed-1.png]]

[[ATTACHMENT|deck-building-tutor-AI-Dec-b2bea--handling---network-failure-chromium/video.webm]]

[[ATTACHMENT|deck-building-tutor-AI-Dec-b2bea--handling---network-failure-chromium/error-context.md]]
]]>
</system-out>
</testcase>
<testcase name="AI Deck Building Tutor E2E › accessibility compliance" classname="deck-building-tutor.spec.ts" time="10.725">
<failure message="deck-building-tutor.spec.ts:178:7 accessibility compliance" type="FAILURE">
<![CDATA[  [chromium] › deck-building-tutor.spec.ts:178:7 › AI Deck Building Tutor E2E › accessibility compliance 

    Error: Timed out 10000ms waiting for expect(locator).toBeVisible()

    Locator: getByText('Build Complete Deck')
    Expected: visible
    Received: <element(s) not found>
    Call log:
      - Expect "toBeVisible" with timeout 10000ms
      - waiting for getByText('Build Complete Deck')


      183 |     // Check for proper button interactions
      184 |     const buildDeckButton = page.getByText('Build Complete Deck')
    > 185 |     await expect(buildDeckButton).toBeVisible()
          |                                   ^
      186 |
      187 |     // Test keyboard navigation by clicking instead of simulating Enter
      188 |     // (Some components may not have proper keyboard handlers)
        at /Users/jared.wolf/Projects/personal/moxmuse/apps/web/e2e/deck-building-tutor.spec.ts:185:35

    attachment #1: screenshot (image/png) ──────────────────────────────────────────────────────────
    ../test-results/deck-building-tutor-AI-Dec-56c0c-2E-accessibility-compliance-chromium/test-failed-1.png
    ────────────────────────────────────────────────────────────────────────────────────────────────

    attachment #2: video (video/webm) ──────────────────────────────────────────────────────────────
    ../test-results/deck-building-tutor-AI-Dec-56c0c-2E-accessibility-compliance-chromium/video.webm
    ────────────────────────────────────────────────────────────────────────────────────────────────

    Error Context: ../test-results/deck-building-tutor-AI-Dec-56c0c-2E-accessibility-compliance-chromium/error-context.md
]]>
</failure>
<system-out>
<![CDATA[
[[ATTACHMENT|deck-building-tutor-AI-Dec-56c0c-2E-accessibility-compliance-chromium/test-failed-1.png]]

[[ATTACHMENT|deck-building-tutor-AI-Dec-56c0c-2E-accessibility-compliance-chromium/video.webm]]

[[ATTACHMENT|deck-building-tutor-AI-Dec-56c0c-2E-accessibility-compliance-chromium/error-context.md]]
]]>
</system-out>
</testcase>
<testcase name="AI Deck Building Tutor E2E › performance benchmarks" classname="deck-building-tutor.spec.ts" time="11.046">
<failure message="deck-building-tutor.spec.ts:221:7 performance benchmarks" type="FAILURE">
<![CDATA[  [chromium] › deck-building-tutor.spec.ts:221:7 › AI Deck Building Tutor E2E › performance benchmarks 

    TimeoutError: locator.click: Timeout 10000ms exceeded.
    Call log:
      - waiting for getByText('Build Complete Deck')


      230 |     // Measure transition time to deck builder
      231 |     const transitionStart = Date.now()
    > 232 |     await page.getByText('Build Complete Deck').click()
          |                                                 ^
      233 |     
      234 |     // Wait for either the deck builder text or the first option
      235 |     await page.waitForSelector('text=I know my commander', { timeout: 2000 })
        at /Users/jared.wolf/Projects/personal/moxmuse/apps/web/e2e/deck-building-tutor.spec.ts:232:49

    attachment #1: screenshot (image/png) ──────────────────────────────────────────────────────────
    ../test-results/deck-building-tutor-AI-Dec-39893--E2E-performance-benchmarks-chromium/test-failed-1.png
    ────────────────────────────────────────────────────────────────────────────────────────────────

    attachment #2: video (video/webm) ──────────────────────────────────────────────────────────────
    ../test-results/deck-building-tutor-AI-Dec-39893--E2E-performance-benchmarks-chromium/video.webm
    ────────────────────────────────────────────────────────────────────────────────────────────────

    Error Context: ../test-results/deck-building-tutor-AI-Dec-39893--E2E-performance-benchmarks-chromium/error-context.md
]]>
</failure>
<system-out>
<![CDATA[
[[ATTACHMENT|deck-building-tutor-AI-Dec-39893--E2E-performance-benchmarks-chromium/test-failed-1.png]]

[[ATTACHMENT|deck-building-tutor-AI-Dec-39893--E2E-performance-benchmarks-chromium/video.webm]]

[[ATTACHMENT|deck-building-tutor-AI-Dec-39893--E2E-performance-benchmarks-chromium/error-context.md]]
]]>
</system-out>
</testcase>
</testsuite>
<testsuite name="comprehensive-system-test.spec.ts" timestamp="2025-08-05T19:57:53.054Z" hostname="firefox" tests="14" failures="6" skipped="2" time="106.53" errors="0">
<testcase name="MoxMuse Comprehensive System Test › 1. Homepage and Navigation" classname="comprehensive-system-test.spec.ts" time="1.367">
</testcase>
<testcase name="MoxMuse Comprehensive System Test › 2. Authentication Flow" classname="comprehensive-system-test.spec.ts" time="3.787">
<system-out>
<![CDATA[✅ Authentication is working - user is signed in

    ===================================
    MoxMuse System Test Summary
    ===================================
    
    Tests cover:
    ✓ Homepage and navigation
    ✓ Authentication flow
    ✓ Deck building tutor journey
    ✓ Card synergy features
    ✓ Format legality checking
    ✓ Import/export functionality
    ✓ Deck organization
    ✓ Deck templates
    ✓ User decks management
    ✓ Performance monitoring
    ✓ Error handling
    ✓ Basic accessibility
    
    Run with: npx playwright test e2e/comprehensive-system-test.spec.ts
    
    For headed mode: npx playwright test e2e/comprehensive-system-test.spec.ts --headed
    For debug mode: npx playwright test e2e/comprehensive-system-test.spec.ts --debug
  
]]>
</system-out>
</testcase>
<testcase name="MoxMuse Comprehensive System Test › 3. Deck Building Tutor Journey" classname="comprehensive-system-test.spec.ts" time="12.17">
<failure message="comprehensive-system-test.spec.ts:83:7 3. Deck Building Tutor Journey" type="FAILURE">
<![CDATA[  [firefox] › comprehensive-system-test.spec.ts:83:7 › MoxMuse Comprehensive System Test › 3. Deck Building Tutor Journey 

    TimeoutError: page.click: Timeout 10000ms exceeded.
    Call log:
      - waiting for locator('text=Build Complete Deck')


      89 |
      90 |     // Click on Build Complete Deck option
    > 91 |     await page.click('text=Build Complete Deck');
         |                ^
      92 |     
      93 |     // Should see deck building options
      94 |     await expect(page.locator('text=Let\'s Build Your Commander Deck')).toBeVisible();
        at /Users/jared.wolf/Projects/personal/moxmuse/apps/web/e2e/comprehensive-system-test.spec.ts:91:16

    attachment #1: screenshot (image/png) ──────────────────────────────────────────────────────────
    ../test-results/comprehensive-system-test--e182c-Deck-Building-Tutor-Journey-firefox/test-failed-1.png
    ────────────────────────────────────────────────────────────────────────────────────────────────

    attachment #2: video (video/webm) ──────────────────────────────────────────────────────────────
    ../test-results/comprehensive-system-test--e182c-Deck-Building-Tutor-Journey-firefox/video.webm
    ────────────────────────────────────────────────────────────────────────────────────────────────

    Error Context: ../test-results/comprehensive-system-test--e182c-Deck-Building-Tutor-Journey-firefox/error-context.md
]]>
</failure>
<system-out>
<![CDATA[
    ===================================
    MoxMuse System Test Summary
    ===================================
    
    Tests cover:
    ✓ Homepage and navigation
    ✓ Authentication flow
    ✓ Deck building tutor journey
    ✓ Card synergy features
    ✓ Format legality checking
    ✓ Import/export functionality
    ✓ Deck organization
    ✓ Deck templates
    ✓ User decks management
    ✓ Performance monitoring
    ✓ Error handling
    ✓ Basic accessibility
    
    Run with: npx playwright test e2e/comprehensive-system-test.spec.ts
    
    For headed mode: npx playwright test e2e/comprehensive-system-test.spec.ts --headed
    For debug mode: npx playwright test e2e/comprehensive-system-test.spec.ts --debug
  

[[ATTACHMENT|comprehensive-system-test--e182c-Deck-Building-Tutor-Journey-firefox/test-failed-1.png]]

[[ATTACHMENT|comprehensive-system-test--e182c-Deck-Building-Tutor-Journey-firefox/video.webm]]

[[ATTACHMENT|comprehensive-system-test--e182c-Deck-Building-Tutor-Journey-firefox/error-context.md]]
]]>
</system-out>
</testcase>
<testcase name="MoxMuse Comprehensive System Test › 4. Card Synergy Demo" classname="comprehensive-system-test.spec.ts" time="13.027">
<failure message="comprehensive-system-test.spec.ts:207:7 4. Card Synergy Demo" type="FAILURE">
<![CDATA[  [firefox] › comprehensive-system-test.spec.ts:207:7 › MoxMuse Comprehensive System Test › 4. Card Synergy Demo 

    Error: Timed out 10000ms waiting for expect(locator).toBeVisible()

    Locator: locator('h1:has-text("Card Synergy")')
    Expected: visible
    Received: <element(s) not found>
    Call log:
      - Expect "toBeVisible" with timeout 10000ms
      - waiting for locator('h1:has-text("Card Synergy")')


      207 |   test('4. Card Synergy Demo', async ({ page }) => {
      208 |     await page.goto(`${baseURL}/card-synergy-demo`);
    > 209 |     await expect(page.locator('h1:has-text("Card Synergy")')).toBeVisible();
          |                                                               ^
      210 |
      211 |     // Test synergy detection
      212 |     if (await page.locator('button:has-text("Detect Synergies")').isVisible()) {
        at /Users/jared.wolf/Projects/personal/moxmuse/apps/web/e2e/comprehensive-system-test.spec.ts:209:63

    attachment #1: screenshot (image/png) ──────────────────────────────────────────────────────────
    ../test-results/comprehensive-system-test--085a3-em-Test-4-Card-Synergy-Demo-firefox/test-failed-1.png
    ────────────────────────────────────────────────────────────────────────────────────────────────

    attachment #2: video (video/webm) ──────────────────────────────────────────────────────────────
    ../test-results/comprehensive-system-test--085a3-em-Test-4-Card-Synergy-Demo-firefox/video.webm
    ────────────────────────────────────────────────────────────────────────────────────────────────

    Error Context: ../test-results/comprehensive-system-test--085a3-em-Test-4-Card-Synergy-Demo-firefox/error-context.md
]]>
</failure>
<system-out>
<![CDATA[
    ===================================
    MoxMuse System Test Summary
    ===================================
    
    Tests cover:
    ✓ Homepage and navigation
    ✓ Authentication flow
    ✓ Deck building tutor journey
    ✓ Card synergy features
    ✓ Format legality checking
    ✓ Import/export functionality
    ✓ Deck organization
    ✓ Deck templates
    ✓ User decks management
    ✓ Performance monitoring
    ✓ Error handling
    ✓ Basic accessibility
    
    Run with: npx playwright test e2e/comprehensive-system-test.spec.ts
    
    For headed mode: npx playwright test e2e/comprehensive-system-test.spec.ts --headed
    For debug mode: npx playwright test e2e/comprehensive-system-test.spec.ts --debug
  

[[ATTACHMENT|comprehensive-system-test--085a3-em-Test-4-Card-Synergy-Demo-firefox/test-failed-1.png]]

[[ATTACHMENT|comprehensive-system-test--085a3-em-Test-4-Card-Synergy-Demo-firefox/video.webm]]

[[ATTACHMENT|comprehensive-system-test--085a3-em-Test-4-Card-Synergy-Demo-firefox/error-context.md]]
]]>
</system-out>
</testcase>
<testcase name="MoxMuse Comprehensive System Test › 5. Format Legality Demo" classname="comprehensive-system-test.spec.ts" time="11.04">
<failure message="comprehensive-system-test.spec.ts:218:7 5. Format Legality Demo" type="FAILURE">
<![CDATA[  [firefox] › comprehensive-system-test.spec.ts:218:7 › MoxMuse Comprehensive System Test › 5. Format Legality Demo 

    Error: Timed out 10000ms waiting for expect(locator).toBeVisible()

    Locator: locator('h1:has-text("Format Legality")')
    Expected: visible
    Received: <element(s) not found>
    Call log:
      - Expect "toBeVisible" with timeout 10000ms
      - waiting for locator('h1:has-text("Format Legality")')


      218 |   test('5. Format Legality Demo', async ({ page }) => {
      219 |     await page.goto(`${baseURL}/format-legality-demo`);
    > 220 |     await expect(page.locator('h1:has-text("Format Legality")')).toBeVisible();
          |                                                                  ^
      221 |
      222 |     // Test format validation
      223 |     const formats = ['Standard', 'Modern', 'Commander'];
        at /Users/jared.wolf/Projects/personal/moxmuse/apps/web/e2e/comprehensive-system-test.spec.ts:220:66

    attachment #1: screenshot (image/png) ──────────────────────────────────────────────────────────
    ../test-results/comprehensive-system-test--d29a0-Test-5-Format-Legality-Demo-firefox/test-failed-1.png
    ────────────────────────────────────────────────────────────────────────────────────────────────

    attachment #2: video (video/webm) ──────────────────────────────────────────────────────────────
    ../test-results/comprehensive-system-test--d29a0-Test-5-Format-Legality-Demo-firefox/video.webm
    ────────────────────────────────────────────────────────────────────────────────────────────────

    Error Context: ../test-results/comprehensive-system-test--d29a0-Test-5-Format-Legality-Demo-firefox/error-context.md
]]>
</failure>
<system-out>
<![CDATA[
    ===================================
    MoxMuse System Test Summary
    ===================================
    
    Tests cover:
    ✓ Homepage and navigation
    ✓ Authentication flow
    ✓ Deck building tutor journey
    ✓ Card synergy features
    ✓ Format legality checking
    ✓ Import/export functionality
    ✓ Deck organization
    ✓ Deck templates
    ✓ User decks management
    ✓ Performance monitoring
    ✓ Error handling
    ✓ Basic accessibility
    
    Run with: npx playwright test e2e/comprehensive-system-test.spec.ts
    
    For headed mode: npx playwright test e2e/comprehensive-system-test.spec.ts --headed
    For debug mode: npx playwright test e2e/comprehensive-system-test.spec.ts --debug
  

[[ATTACHMENT|comprehensive-system-test--d29a0-Test-5-Format-Legality-Demo-firefox/test-failed-1.png]]

[[ATTACHMENT|comprehensive-system-test--d29a0-Test-5-Format-Legality-Demo-firefox/video.webm]]

[[ATTACHMENT|comprehensive-system-test--d29a0-Test-5-Format-Legality-Demo-firefox/error-context.md]]
]]>
</system-out>
</testcase>
<testcase name="MoxMuse Comprehensive System Test › 6. Import/Export Functionality" classname="comprehensive-system-test.spec.ts" time="12.148">
<failure message="comprehensive-system-test.spec.ts:233:7 6. Import/Export Functionality" type="FAILURE">
<![CDATA[  [firefox] › comprehensive-system-test.spec.ts:233:7 › MoxMuse Comprehensive System Test › 6. Import/Export Functionality 

    Error: Timed out 10000ms waiting for expect(locator).toBeVisible()

    Locator: locator('h1:has-text("Import")')
    Expected: visible
    Received: <element(s) not found>
    Call log:
      - Expect "toBeVisible" with timeout 10000ms
      - waiting for locator('h1:has-text("Import")')


      233 |   test('6. Import/Export Functionality', async ({ page }) => {
      234 |     await page.goto(`${baseURL}/import-job-demo`);
    > 235 |     await expect(page.locator('h1:has-text("Import")')).toBeVisible();
          |                                                         ^
      236 |
      237 |     // Test CSV import
      238 |     const uploadButton = page.locator('input[type="file"]');
        at /Users/jared.wolf/Projects/personal/moxmuse/apps/web/e2e/comprehensive-system-test.spec.ts:235:57

    attachment #1: screenshot (image/png) ──────────────────────────────────────────────────────────
    ../test-results/comprehensive-system-test--8520d-Import-Export-Functionality-firefox/test-failed-1.png
    ────────────────────────────────────────────────────────────────────────────────────────────────

[...]
    ../test-results/critical-user-journeys-Cri-aa558-uld-handle-concurrent-users-Google-Chrome/test-failed-2.png
    ────────────────────────────────────────────────────────────────────────────────────────────────

    attachment #3: screenshot (image/png) ──────────────────────────────────────────────────────────
    ../test-results/critical-user-journeys-Cri-aa558-uld-handle-concurrent-users-Google-Chrome/test-failed-4.png
    ────────────────────────────────────────────────────────────────────────────────────────────────

    attachment #4: screenshot (image/png) ──────────────────────────────────────────────────────────
    ../test-results/critical-user-journeys-Cri-aa558-uld-handle-concurrent-users-Google-Chrome/test-failed-3.png
    ────────────────────────────────────────────────────────────────────────────────────────────────

    attachment #5: video (video/webm) ──────────────────────────────────────────────────────────────
    ../test-results/critical-user-journeys-Cri-aa558-uld-handle-concurrent-users-Google-Chrome/video.webm
    ────────────────────────────────────────────────────────────────────────────────────────────────

    Error Context: ../test-results/critical-user-journeys-Cri-aa558-uld-handle-concurrent-users-Google-Chrome/error-context.md
]]>
</failure>
<system-out>
<![CDATA[
[[ATTACHMENT|critical-user-journeys-Cri-aa558-uld-handle-concurrent-users-Google-Chrome/test-failed-1.png]]

[[ATTACHMENT|critical-user-journeys-Cri-aa558-uld-handle-concurrent-users-Google-Chrome/test-failed-2.png]]

[[ATTACHMENT|critical-user-journeys-Cri-aa558-uld-handle-concurrent-users-Google-Chrome/test-failed-4.png]]

[[ATTACHMENT|critical-user-journeys-Cri-aa558-uld-handle-concurrent-users-Google-Chrome/test-failed-3.png]]

[[ATTACHMENT|critical-user-journeys-Cri-aa558-uld-handle-concurrent-users-Google-Chrome/video.webm]]

[[ATTACHMENT|critical-user-journeys-Cri-aa558-uld-handle-concurrent-users-Google-Chrome/error-context.md]]
]]>
</system-out>
</testcase>
</testsuite>
<testsuite name="deck-building-tutor.spec.ts" timestamp="2025-08-05T19:57:53.054Z" hostname="Google Chrome" tests="9" failures="8" skipped="0" time="88.248" errors="0">
<testcase name="AI Deck Building Tutor E2E › complete deck building workflow - with known commander" classname="deck-building-tutor.spec.ts" time="10.966">
<failure message="deck-building-tutor.spec.ts:9:7 complete deck building workflow - with known commander" type="FAILURE">
<![CDATA[  [Google Chrome] › deck-building-tutor.spec.ts:9:7 › AI Deck Building Tutor E2E › complete deck building workflow - with known commander 

    Error: Timed out 10000ms waiting for expect(locator).toBeVisible()

    Locator: getByText('Build Complete Deck')
    Expected: visible
    Received: <element(s) not found>
    Call log:
      - Expect "toBeVisible" with timeout 10000ms
      - waiting for getByText('Build Complete Deck')


      10 |     // Step 1: Entry point selection
      11 |     await expect(page.getByText('AI Deck Building Tutor')).toBeVisible()
    > 12 |     await expect(page.getByText('Build Complete Deck')).toBeVisible()
         |                                                         ^
      13 |     await expect(page.getByText('Get Card Recommendations')).toBeVisible()
      14 |
      15 |     // Click on Build Complete Deck
        at /Users/jared.wolf/Projects/personal/moxmuse/apps/web/e2e/deck-building-tutor.spec.ts:12:57

    attachment #1: screenshot (image/png) ──────────────────────────────────────────────────────────
    ../test-results/deck-building-tutor-AI-Dec-971f0-flow---with-known-commander-Google-Chrome/test-failed-1.png
    ────────────────────────────────────────────────────────────────────────────────────────────────

    attachment #2: video (video/webm) ──────────────────────────────────────────────────────────────
    ../test-results/deck-building-tutor-AI-Dec-971f0-flow---with-known-commander-Google-Chrome/video.webm
    ────────────────────────────────────────────────────────────────────────────────────────────────

    Error Context: ../test-results/deck-building-tutor-AI-Dec-971f0-flow---with-known-commander-Google-Chrome/error-context.md
]]>
</failure>
<system-out>
<![CDATA[
[[ATTACHMENT|deck-building-tutor-AI-Dec-971f0-flow---with-known-commander-Google-Chrome/test-failed-1.png]]

[[ATTACHMENT|deck-building-tutor-AI-Dec-971f0-flow---with-known-commander-Google-Chrome/video.webm]]

[[ATTACHMENT|deck-building-tutor-AI-Dec-971f0-flow---with-known-commander-Google-Chrome/error-context.md]]
]]>
</system-out>
</testcase>
<testcase name="AI Deck Building Tutor E2E › complete deck building workflow - need commander suggestions" classname="deck-building-tutor.spec.ts" time="10.946">
<failure message="deck-building-tutor.spec.ts:41:7 complete deck building workflow - need commander suggestions" type="FAILURE">
<![CDATA[  [Google Chrome] › deck-building-tutor.spec.ts:41:7 › AI Deck Building Tutor E2E › complete deck building workflow - need commander suggestions 

    TimeoutError: locator.click: Timeout 10000ms exceeded.
    Call log:
      - waiting for getByText('Build Complete Deck')


      41 |   test('complete deck building workflow - need commander suggestions', async ({ page }) => {
      42 |     // Click on Build Complete Deck
    > 43 |     await page.getByText('Build Complete Deck').click()
         |                                                 ^
      44 |
      45 |     // Choose "I need commander suggestions"
      46 |     await page.getByText('I need commander suggestions').click()
        at /Users/jared.wolf/Projects/personal/moxmuse/apps/web/e2e/deck-building-tutor.spec.ts:43:49

    attachment #1: screenshot (image/png) ──────────────────────────────────────────────────────────
    ../test-results/deck-building-tutor-AI-Dec-06e41--need-commander-suggestions-Google-Chrome/test-failed-1.png
    ────────────────────────────────────────────────────────────────────────────────────────────────

    attachment #2: video (video/webm) ──────────────────────────────────────────────────────────────
    ../test-results/deck-building-tutor-AI-Dec-06e41--need-commander-suggestions-Google-Chrome/video.webm
    ────────────────────────────────────────────────────────────────────────────────────────────────

    Error Context: ../test-results/deck-building-tutor-AI-Dec-06e41--need-commander-suggestions-Google-Chrome/error-context.md
]]>
</failure>
<system-out>
<![CDATA[
[[ATTACHMENT|deck-building-tutor-AI-Dec-06e41--need-commander-suggestions-Google-Chrome/test-failed-1.png]]

[[ATTACHMENT|deck-building-tutor-AI-Dec-06e41--need-commander-suggestions-Google-Chrome/video.webm]]

[[ATTACHMENT|deck-building-tutor-AI-Dec-06e41--need-commander-suggestions-Google-Chrome/error-context.md]]
]]>
</system-out>
</testcase>
<testcase name="AI Deck Building Tutor E2E › card recommendations workflow" classname="deck-building-tutor.spec.ts" time="10.867">
<failure message="deck-building-tutor.spec.ts:58:7 card recommendations workflow" type="FAILURE">
<![CDATA[  [Google Chrome] › deck-building-tutor.spec.ts:58:7 › AI Deck Building Tutor E2E › card recommendations workflow 

    TimeoutError: locator.click: Timeout 10000ms exceeded.
    Call log:
      - waiting for getByText('Get Card Recommendations')


      58 |   test('card recommendations workflow', async ({ page }) => {
      59 |     // Click on Get Card Recommendations
    > 60 |     await page.getByText('Get Card Recommendations').click()
         |                                                      ^
      61 |
      62 |     // Should navigate to chat interface
      63 |     await expect(page.getByText('Let\'s talk about your deck')).toBeVisible()
        at /Users/jared.wolf/Projects/personal/moxmuse/apps/web/e2e/deck-building-tutor.spec.ts:60:54

    attachment #1: screenshot (image/png) ──────────────────────────────────────────────────────────
    ../test-results/deck-building-tutor-AI-Dec-d069a-rd-recommendations-workflow-Google-Chrome/test-failed-1.png
    ────────────────────────────────────────────────────────────────────────────────────────────────

    attachment #2: video (video/webm) ──────────────────────────────────────────────────────────────
    ../test-results/deck-building-tutor-AI-Dec-d069a-rd-recommendations-workflow-Google-Chrome/video.webm
    ────────────────────────────────────────────────────────────────────────────────────────────────

    Error Context: ../test-results/deck-building-tutor-AI-Dec-d069a-rd-recommendations-workflow-Google-Chrome/error-context.md
]]>
</failure>
<system-out>
<![CDATA[
[[ATTACHMENT|deck-building-tutor-AI-Dec-d069a-rd-recommendations-workflow-Google-Chrome/test-failed-1.png]]

[[ATTACHMENT|deck-building-tutor-AI-Dec-d069a-rd-recommendations-workflow-Google-Chrome/video.webm]]

[[ATTACHMENT|deck-building-tutor-AI-Dec-d069a-rd-recommendations-workflow-Google-Chrome/error-context.md]]
]]>
</system-out>
</testcase>
<testcase name="AI Deck Building Tutor E2E › wizard navigation through consultation flow" classname="deck-building-tutor.spec.ts" time="10.828">
<failure message="deck-building-tutor.spec.ts:81:7 wizard navigation through consultation flow" type="FAILURE">
<![CDATA[  [Google Chrome] › deck-building-tutor.spec.ts:81:7 › AI Deck Building Tutor E2E › wizard navigation through consultation flow 

    TimeoutError: locator.click: Timeout 10000ms exceeded.
    Call log:
      - waiting for getByText('Build Complete Deck')


      81 |   test('wizard navigation through consultation flow', async ({ page }) => {
      82 |     // Start deck building
    > 83 |     await page.getByText('Build Complete Deck').click()
         |                                                 ^
      84 |     
      85 |     // Choose commander suggestions path
      86 |     await page.getByText('I need commander suggestions').click()
        at /Users/jared.wolf/Projects/personal/moxmuse/apps/web/e2e/deck-building-tutor.spec.ts:83:49

    attachment #1: screenshot (image/png) ──────────────────────────────────────────────────────────
    ../test-results/deck-building-tutor-AI-Dec-3deb2-n-through-consultation-flow-Google-Chrome/test-failed-1.png
    ────────────────────────────────────────────────────────────────────────────────────────────────

    attachment #2: video (video/webm) ──────────────────────────────────────────────────────────────
    ../test-results/deck-building-tutor-AI-Dec-3deb2-n-through-consultation-flow-Google-Chrome/video.webm
    ────────────────────────────────────────────────────────────────────────────────────────────────

    Error Context: ../test-results/deck-building-tutor-AI-Dec-3deb2-n-through-consultation-flow-Google-Chrome/error-context.md
]]>
</failure>
<system-out>
<![CDATA[
[[ATTACHMENT|deck-building-tutor-AI-Dec-3deb2-n-through-consultation-flow-Google-Chrome/test-failed-1.png]]

[[ATTACHMENT|deck-building-tutor-AI-Dec-3deb2-n-through-consultation-flow-Google-Chrome/video.webm]]

[[ATTACHMENT|deck-building-tutor-AI-Dec-3deb2-n-through-consultation-flow-Google-Chrome/error-context.md]]
]]>
</system-out>
</testcase>
<testcase name="AI Deck Building Tutor E2E › existing deck selection" classname="deck-building-tutor.spec.ts" time="0.748">
</testcase>
<testcase name="AI Deck Building Tutor E2E › mobile responsiveness" classname="deck-building-tutor.spec.ts" time="10.895">
<failure message="deck-building-tutor.spec.ts:127:7 mobile responsiveness" type="FAILURE">
<![CDATA[  [Google Chrome] › deck-building-tutor.spec.ts:127:7 › AI Deck Building Tutor E2E › mobile responsiveness 

    Error: Timed out 10000ms waiting for expect(locator).toBeVisible()

    Locator: getByText('Build Complete Deck')
    Expected: visible
    Received: <element(s) not found>
    Call log:
      - Expect "toBeVisible" with timeout 10000ms
      - waiting for getByText('Build Complete Deck')


      130 |
      131 |     // Entry point should be responsive
    > 132 |     await expect(page.getByText('Build Complete Deck')).toBeVisible()
          |                                                         ^
      133 |     await expect(page.getByText('Get Card Recommendations')).toBeVisible()
      134 |
      135 |     // Start wizard
        at /Users/jared.wolf/Projects/personal/moxmuse/apps/web/e2e/deck-building-tutor.spec.ts:132:57

    attachment #1: screenshot (image/png) ──────────────────────────────────────────────────────────
    ../test-results/deck-building-tutor-AI-Dec-83220-r-E2E-mobile-responsiveness-Google-Chrome/test-failed-1.png
    ────────────────────────────────────────────────────────────────────────────────────────────────

    attachment #2: video (video/webm) ──────────────────────────────────────────────────────────────
    ../test-results/deck-building-tutor-AI-Dec-83220-r-E2E-mobile-responsiveness-Google-Chrome/video.webm
    ────────────────────────────────────────────────────────────────────────────────────────────────

    Error Context: ../test-results/deck-building-tutor-AI-Dec-83220-r-E2E-mobile-responsiveness-Google-Chrome/error-context.md
]]>
</failure>
<system-out>
<![CDATA[
[[ATTACHMENT|deck-building-tutor-AI-Dec-83220-r-E2E-mobile-responsiveness-Google-Chrome/test-failed-1.png]]

[[ATTACHMENT|deck-building-tutor-AI-Dec-83220-r-E2E-mobile-responsiveness-Google-Chrome/video.webm]]

[[ATTACHMENT|deck-building-tutor-AI-Dec-83220-r-E2E-mobile-responsiveness-Google-Chrome/error-context.md]]
]]>
</system-out>
</testcase>
<testcase name="AI Deck Building Tutor E2E › error handling - network failure" classname="deck-building-tutor.spec.ts" time="10.941">
<failure message="deck-building-tutor.spec.ts:151:7 error handling - network failure" type="FAILURE">
<![CDATA[  [Google Chrome] › deck-building-tutor.spec.ts:151:7 › AI Deck Building Tutor E2E › error handling - network failure 

    TimeoutError: locator.click: Timeout 10000ms exceeded.
    Call log:
      - waiting for getByText('Build Complete Deck')


      161 |
      162 |     // Start deck building
    > 163 |     await page.getByText('Build Complete Deck').click()
          |                                                 ^
      164 |     await page.getByText('I know my commander').click()
      165 |     
      166 |     // Enter commander and try to generate
        at /Users/jared.wolf/Projects/personal/moxmuse/apps/web/e2e/deck-building-tutor.spec.ts:163:49

    attachment #1: screenshot (image/png) ──────────────────────────────────────────────────────────
    ../test-results/deck-building-tutor-AI-Dec-b2bea--handling---network-failure-Google-Chrome/test-failed-1.png
    ────────────────────────────────────────────────────────────────────────────────────────────────

    attachment #2: video (video/webm) ──────────────────────────────────────────────────────────────
    ../test-results/deck-building-tutor-AI-Dec-b2bea--handling---network-failure-Google-Chrome/video.webm
    ────────────────────────────────────────────────────────────────────────────────────────────────

    Error Context: ../test-results/deck-building-tutor-AI-Dec-b2bea--handling---network-failure-Google-Chrome/error-context.md
]]>
</failure>
<system-out>
<![CDATA[
[[ATTACHMENT|deck-building-tutor-AI-Dec-b2bea--handling---network-failure-Google-Chrome/test-failed-1.png]]

[[ATTACHMENT|deck-building-tutor-AI-Dec-b2bea--handling---network-failure-Google-Chrome/video.webm]]

[[ATTACHMENT|deck-building-tutor-AI-Dec-b2bea--handling---network-failure-Google-Chrome/error-context.md]]
]]>
</system-out>
</testcase>
<testcase name="AI Deck Building Tutor E2E › accessibility compliance" classname="deck-building-tutor.spec.ts" time="10.985">
<failure message="deck-building-tutor.spec.ts:178:7 accessibility compliance" type="FAILURE">
<![CDATA[  [Google Chrome] › deck-building-tutor.spec.ts:178:7 › AI Deck Building Tutor E2E › accessibility compliance 

    Error: Timed out 10000ms waiting for expect(locator).toBeVisible()

    Locator: getByText('Build Complete Deck')
    Expected: visible
    Received: <element(s) not found>
    Call log:
      - Expect "toBeVisible" with timeout 10000ms
      - waiting for getByText('Build Complete Deck')


      183 |     // Check for proper button interactions
      184 |     const buildDeckButton = page.getByText('Build Complete Deck')
    > 185 |     await expect(buildDeckButton).toBeVisible()
          |                                   ^
      186 |
      187 |     // Test keyboard navigation by clicking instead of simulating Enter
      188 |     // (Some components may not have proper keyboard handlers)
        at /Users/jared.wolf/Projects/personal/moxmuse/apps/web/e2e/deck-building-tutor.spec.ts:185:35

    attachment #1: screenshot (image/png) ──────────────────────────────────────────────────────────
    ../test-results/deck-building-tutor-AI-Dec-56c0c-2E-accessibility-compliance-Google-Chrome/test-failed-1.png
    ────────────────────────────────────────────────────────────────────────────────────────────────

    attachment #2: video (video/webm) ──────────────────────────────────────────────────────────────
    ../test-results/deck-building-tutor-AI-Dec-56c0c-2E-accessibility-compliance-Google-Chrome/video.webm
    ────────────────────────────────────────────────────────────────────────────────────────────────

    Error Context: ../test-results/deck-building-tutor-AI-Dec-56c0c-2E-accessibility-compliance-Google-Chrome/error-context.md
]]>
</failure>
<system-out>
<![CDATA[
[[ATTACHMENT|deck-building-tutor-AI-Dec-56c0c-2E-accessibility-compliance-Google-Chrome/test-failed-1.png]]

[[ATTACHMENT|deck-building-tutor-AI-Dec-56c0c-2E-accessibility-compliance-Google-Chrome/video.webm]]

[[ATTACHMENT|deck-building-tutor-AI-Dec-56c0c-2E-accessibility-compliance-Google-Chrome/error-context.md]]
]]>
</system-out>
</testcase>
<testcase name="AI Deck Building Tutor E2E › performance benchmarks" classname="deck-building-tutor.spec.ts" time="11.072">
<failure message="deck-building-tutor.spec.ts:221:7 performance benchmarks" type="FAILURE">
<![CDATA[  [Google Chrome] › deck-building-tutor.spec.ts:221:7 › AI Deck Building Tutor E2E › performance benchmarks 

    TimeoutError: locator.click: Timeout 10000ms exceeded.
    Call log:
      - waiting for getByText('Build Complete Deck')


      230 |     // Measure transition time to deck builder
      231 |     const transitionStart = Date.now()
    > 232 |     await page.getByText('Build Complete Deck').click()
          |                                                 ^
      233 |     
      234 |     // Wait for either the deck builder text or the first option
      235 |     await page.waitForSelector('text=I know my commander', { timeout: 2000 })
        at /Users/jared.wolf/Projects/personal/moxmuse/apps/web/e2e/deck-building-tutor.spec.ts:232:49

    attachment #1: screenshot (image/png) ──────────────────────────────────────────────────────────
    ../test-results/deck-building-tutor-AI-Dec-39893--E2E-performance-benchmarks-Google-Chrome/test-failed-1.png
    ────────────────────────────────────────────────────────────────────────────────────────────────

    attachment #2: video (video/webm) ──────────────────────────────────────────────────────────────
    ../test-results/deck-building-tutor-AI-Dec-39893--E2E-performance-benchmarks-Google-Chrome/video.webm
    ────────────────────────────────────────────────────────────────────────────────────────────────

    Error Context: ../test-results/deck-building-tutor-AI-Dec-39893--E2E-performance-benchmarks-Google-Chrome/error-context.md
]]>
</failure>
<system-out>
<![CDATA[
[[ATTACHMENT|deck-building-tutor-AI-Dec-39893--E2E-performance-benchmarks-Google-Chrome/test-failed-1.png]]

[[ATTACHMENT|deck-building-tutor-AI-Dec-39893--E2E-performance-benchmarks-Google-Chrome/video.webm]]

[[ATTACHMENT|deck-building-tutor-AI-Dec-39893--E2E-performance-benchmarks-Google-Chrome/error-context.md]]
]]>
</system-out>
</testcase>
</testsuite>
</testsuites>